
*** Running vivado
    with args -log clk_10MHz_sync.vds -m64 -mode batch -messageDb vivado.pb -notrace -source clk_10MHz_sync.tcl


****** Vivado v2015.4 (64-bit)
  **** SW Build 1412921 on Wed Nov 18 09:43:45 MST 2015
  **** IP Build 1412160 on Tue Nov 17 13:47:24 MST 2015
    ** Copyright 1986-2015 Xilinx, Inc. All Rights Reserved.

source clk_10MHz_sync.tcl -notrace
INFO: [IP_Flow 19-234] Refreshing IP repositories
INFO: [IP_Flow 19-1704] No user IP repositories specified
INFO: [IP_Flow 19-2313] Loaded Vivado IP repository 'D:/Xilinx/Vivado/2015.4/data/ip'.
WARNING: [IP_Flow 19-3664] IP 'clk_10MHz_sync' generated file not found 'd:/Repo/Frequency-comb-DPLL/Firmware Vivado Project/redpitaya.srcs/sources_1/ip/clk_10MHz_sync/clk_10MHz_sync.dcp'. Please regenerate to continue.
WARNING: [IP_Flow 19-3664] IP 'clk_10MHz_sync' generated file not found 'd:/Repo/Frequency-comb-DPLL/Firmware Vivado Project/redpitaya.srcs/sources_1/ip/clk_10MHz_sync/clk_10MHz_sync_stub.v'. Please regenerate to continue.
WARNING: [IP_Flow 19-3664] IP 'clk_10MHz_sync' generated file not found 'd:/Repo/Frequency-comb-DPLL/Firmware Vivado Project/redpitaya.srcs/sources_1/ip/clk_10MHz_sync/clk_10MHz_sync_stub.vhdl'. Please regenerate to continue.
WARNING: [IP_Flow 19-3664] IP 'clk_10MHz_sync' generated file not found 'd:/Repo/Frequency-comb-DPLL/Firmware Vivado Project/redpitaya.srcs/sources_1/ip/clk_10MHz_sync/clk_10MHz_sync_sim_netlist.v'. Please regenerate to continue.
WARNING: [IP_Flow 19-3664] IP 'clk_10MHz_sync' generated file not found 'd:/Repo/Frequency-comb-DPLL/Firmware Vivado Project/redpitaya.srcs/sources_1/ip/clk_10MHz_sync/clk_10MHz_sync_sim_netlist.vhdl'. Please regenerate to continue.
Command: synth_design -top clk_10MHz_sync -part xc7z010clg400-1 -mode out_of_context
Starting synth_design
Attempting to get a license for feature 'Synthesis' and/or device 'xc7z010'
WARNING: [Common 17-348] Failed to get the license for feature 'Synthesis' and/or device 'xc7z010'
3 Infos, 6 Warnings, 0 Critical Warnings and 1 Errors encountered.
synth_design failed
ERROR: [Common 17-345] A valid license was not found for feature 'Synthesis' and/or device 'xc7z010'. Please run the Vivado License Manager for assistance in determining
which features and devices are licensed for your system.
Resolution: Check the status of your licenses in the Vivado License Manager. For debug help search Xilinx Support for "Licensing FAQ". 
INFO: [Common 17-206] Exiting Vivado at Tue Feb 13 14:09:04 2018...
