
*** Running vivado
    with args -log system_identification_outputgain_mult.vds -m64 -mode batch -messageDb vivado.pb -notrace -source system_identification_outputgain_mult.tcl


****** Vivado v2015.4 (64-bit)
  **** SW Build 1412921 on Wed Nov 18 09:43:45 MST 2015
  **** IP Build 1412160 on Tue Nov 17 13:47:24 MST 2015
    ** Copyright 1986-2015 Xilinx, Inc. All Rights Reserved.

source system_identification_outputgain_mult.tcl -notrace
INFO: [IP_Flow 19-234] Refreshing IP repositories
INFO: [IP_Flow 19-1704] No user IP repositories specified
INFO: [IP_Flow 19-2313] Loaded Vivado IP repository 'D:/Xilinx/Vivado/2015.4/data/ip'.
WARNING: [IP_Flow 19-3664] IP 'system_identification_outputgain_mult' generated file not found 'd:/Repo/Frequency-comb-DPLL/Firmware_Vivado_Project/redpitaya.srcs/sources_1/ip/system_identification_outputgain_mult/system_identification_outputgain_mult.dcp'. Please regenerate to continue.
WARNING: [IP_Flow 19-3664] IP 'system_identification_outputgain_mult' generated file not found 'd:/Repo/Frequency-comb-DPLL/Firmware_Vivado_Project/redpitaya.srcs/sources_1/ip/system_identification_outputgain_mult/system_identification_outputgain_mult_stub.v'. Please regenerate to continue.
WARNING: [IP_Flow 19-3664] IP 'system_identification_outputgain_mult' generated file not found 'd:/Repo/Frequency-comb-DPLL/Firmware_Vivado_Project/redpitaya.srcs/sources_1/ip/system_identification_outputgain_mult/system_identification_outputgain_mult_stub.vhdl'. Please regenerate to continue.
WARNING: [IP_Flow 19-3664] IP 'system_identification_outputgain_mult' generated file not found 'd:/Repo/Frequency-comb-DPLL/Firmware_Vivado_Project/redpitaya.srcs/sources_1/ip/system_identification_outputgain_mult/system_identification_outputgain_mult_sim_netlist.v'. Please regenerate to continue.
WARNING: [IP_Flow 19-3664] IP 'system_identification_outputgain_mult' generated file not found 'd:/Repo/Frequency-comb-DPLL/Firmware_Vivado_Project/redpitaya.srcs/sources_1/ip/system_identification_outputgain_mult/system_identification_outputgain_mult_sim_netlist.vhdl'. Please regenerate to continue.
Command: synth_design -top system_identification_outputgain_mult -part xc7z010clg400-1 -mode out_of_context
Starting synth_design
Attempting to get a license for feature 'Synthesis' and/or device 'xc7z010'
INFO: [Common 17-349] Got license for feature 'Synthesis' and/or device 'xc7z010'
---------------------------------------------------------------------------------
Starting RTL Elaboration : Time (s): cpu = 00:00:08 ; elapsed = 00:00:11 . Memory (MB): peak = 285.340 ; gain = 113.820
---------------------------------------------------------------------------------
INFO: [Synth 8-638] synthesizing module 'system_identification_outputgain_mult' [d:/Repo/Frequency-comb-DPLL/Firmware_Vivado_Project/redpitaya.srcs/sources_1/ip/system_identification_outputgain_mult/synth/system_identification_outputgain_mult.vhd:69]
WARNING: [Synth 8-5640] Port 'zero_detect' is missing in component declaration [d:/Repo/Frequency-comb-DPLL/Firmware_Vivado_Project/redpitaya.srcs/sources_1/ip/system_identification_outputgain_mult/synth/system_identification_outputgain_mult.vhd:73]
WARNING: [Synth 8-5640] Port 'pcasc' is missing in component declaration [d:/Repo/Frequency-comb-DPLL/Firmware_Vivado_Project/redpitaya.srcs/sources_1/ip/system_identification_outputgain_mult/synth/system_identification_outputgain_mult.vhd:73]
INFO: [Synth 8-3491] module 'mult_gen_v12_0_10' declared at 'd:/Repo/Frequency-comb-DPLL/Firmware_Vivado_Project/redpitaya.srcs/sources_1/ip/system_identification_outputgain_mult/mult_gen_v12_0_10/hdl/mult_gen_v12_0.vhd:116' bound to instance 'U0' of component 'mult_gen_v12_0_10' [d:/Repo/Frequency-comb-DPLL/Firmware_Vivado_Project/redpitaya.srcs/sources_1/ip/system_identification_outputgain_mult/synth/system_identification_outputgain_mult.vhd:118]
INFO: [Synth 8-638] synthesizing module 'mult_gen_v12_0_10' [d:/Repo/Frequency-comb-DPLL/Firmware_Vivado_Project/redpitaya.srcs/sources_1/ip/system_identification_outputgain_mult/mult_gen_v12_0_10/hdl/mult_gen_v12_0.vhd:155]
INFO: [Synth 8-3491] module 'mult_gen_v12_0_10_viv' declared at 'd:/Repo/Frequency-comb-DPLL/Firmware_Vivado_Project/redpitaya.srcs/sources_1/ip/system_identification_outputgain_mult/mult_gen_v12_0_10/hdl/mult_gen_v12_0_vh_rfs.vhd:20732' bound to instance 'i_mult' of component 'mult_gen_v12_0_10_viv' [d:/Repo/Frequency-comb-DPLL/Firmware_Vivado_Project/redpitaya.srcs/sources_1/ip/system_identification_outputgain_mult/mult_gen_v12_0_10/hdl/mult_gen_v12_0.vhd:161]
INFO: [Synth 8-638] synthesizing module 'mult_gen_v12_0_10_viv' [d:/Repo/Frequency-comb-DPLL/Firmware_Vivado_Project/redpitaya.srcs/sources_1/ip/system_identification_outputgain_mult/mult_gen_v12_0_10/hdl/mult_gen_v12_0_vh_rfs.vhd:20781]
WARNING: [Synth 8-312] ignoring unsynthesizable construct: assertion statement [d:/Repo/Frequency-comb-DPLL/Firmware_Vivado_Project/redpitaya.srcs/sources_1/ip/system_identification_outputgain_mult/mult_gen_v12_0_10/hdl/mult_gen_v12_0_vh_rfs.vhd:862]
WARNING: [Synth 8-312] ignoring unsynthesizable construct: assertion statement [d:/Repo/Frequency-comb-DPLL/Firmware_Vivado_Project/redpitaya.srcs/sources_1/ip/system_identification_outputgain_mult/mult_gen_v12_0_10/hdl/mult_gen_v12_0_vh_rfs.vhd:863]
WARNING: [Synth 8-312] ignoring unsynthesizable construct: assertion statement [d:/Repo/Frequency-comb-DPLL/Firmware_Vivado_Project/redpitaya.srcs/sources_1/ip/system_identification_outputgain_mult/mult_gen_v12_0_10/hdl/mult_gen_v12_0_vh_rfs.vhd:870]
WARNING: [Synth 8-312] ignoring unsynthesizable construct: assertion statement [d:/Repo/Frequency-comb-DPLL/Firmware_Vivado_Project/redpitaya.srcs/sources_1/ip/system_identification_outputgain_mult/mult_gen_v12_0_10/hdl/mult_gen_v12_0_vh_rfs.vhd:884]
WARNING: [Synth 8-312] ignoring unsynthesizable construct: assertion statement [d:/Repo/Frequency-comb-DPLL/Firmware_Vivado_Project/redpitaya.srcs/sources_1/ip/system_identification_outputgain_mult/mult_gen_v12_0_10/hdl/mult_gen_v12_0_vh_rfs.vhd:891]
WARNING: [Synth 8-312] ignoring unsynthesizable construct: assertion statement [d:/Repo/Frequency-comb-DPLL/Firmware_Vivado_Project/redpitaya.srcs/sources_1/ip/system_identification_outputgain_mult/mult_gen_v12_0_10/hdl/mult_gen_v12_0_vh_rfs.vhd:901]
WARNING: [Synth 8-312] ignoring unsynthesizable construct: assertion statement [d:/Repo/Frequency-comb-DPLL/Firmware_Vivado_Project/redpitaya.srcs/sources_1/ip/system_identification_outputgain_mult/mult_gen_v12_0_10/hdl/mult_gen_v12_0_vh_rfs.vhd:910]
WARNING: [Synth 8-312] ignoring unsynthesizable construct: assertion statement [d:/Repo/Frequency-comb-DPLL/Firmware_Vivado_Project/redpitaya.srcs/sources_1/ip/system_identification_outputgain_mult/mult_gen_v12_0_10/hdl/mult_gen_v12_0_vh_rfs.vhd:932]
WARNING: [Synth 8-312] ignoring unsynthesizable construct: assertion statement [d:/Repo/Frequency-comb-DPLL/Firmware_Vivado_Project/redpitaya.srcs/sources_1/ip/system_identification_outputgain_mult/mult_gen_v12_0_10/hdl/mult_gen_v12_0_vh_rfs.vhd:939]
INFO: [Synth 8-638] synthesizing module 'dsp' [d:/Repo/Frequency-comb-DPLL/Firmware_Vivado_Project/redpitaya.srcs/sources_1/ip/system_identification_outputgain_mult/mult_gen_v12_0_10/hdl/mult_gen_v12_0_vh_rfs.vhd:9916]
WARNING: [Synth 8-312] ignoring unsynthesizable construct: assertion statement [d:/Repo/Frequency-comb-DPLL/Firmware_Vivado_Project/redpitaya.srcs/sources_1/ip/system_identification_outputgain_mult/mult_gen_v12_0_10/hdl/mult_gen_v12_0_vh_rfs.vhd:1374]
WARNING: [Synth 8-312] ignoring unsynthesizable construct: assertion statement [d:/Repo/Frequency-comb-DPLL/Firmware_Vivado_Project/redpitaya.srcs/sources_1/ip/system_identification_outputgain_mult/mult_gen_v12_0_10/hdl/mult_gen_v12_0_vh_rfs.vhd:1466]
WARNING: [Synth 8-312] ignoring unsynthesizable construct: assertion statement [d:/Repo/Frequency-comb-DPLL/Firmware_Vivado_Project/redpitaya.srcs/sources_1/ip/system_identification_outputgain_mult/mult_gen_v12_0_10/hdl/mult_gen_v12_0_vh_rfs.vhd:1467]
WARNING: [Synth 8-312] ignoring unsynthesizable construct: assertion statement [d:/Repo/Frequency-comb-DPLL/Firmware_Vivado_Project/redpitaya.srcs/sources_1/ip/system_identification_outputgain_mult/mult_gen_v12_0_10/hdl/mult_gen_v12_0_vh_rfs.vhd:1469]
WARNING: [Synth 8-312] ignoring unsynthesizable construct: assertion statement [d:/Repo/Frequency-comb-DPLL/Firmware_Vivado_Project/redpitaya.srcs/sources_1/ip/system_identification_outputgain_mult/mult_gen_v12_0_10/hdl/mult_gen_v12_0_vh_rfs.vhd:1470]
WARNING: [Synth 8-312] ignoring unsynthesizable construct: assertion statement [d:/Repo/Frequency-comb-DPLL/Firmware_Vivado_Project/redpitaya.srcs/sources_1/ip/system_identification_outputgain_mult/mult_gen_v12_0_10/hdl/mult_gen_v12_0_vh_rfs.vhd:1484]
WARNING: [Synth 8-312] ignoring unsynthesizable construct: assertion statement [d:/Repo/Frequency-comb-DPLL/Firmware_Vivado_Project/redpitaya.srcs/sources_1/ip/system_identification_outputgain_mult/mult_gen_v12_0_10/hdl/mult_gen_v12_0_vh_rfs.vhd:1485]
WARNING: [Synth 8-312] ignoring unsynthesizable construct: assertion statement [d:/Repo/Frequency-comb-DPLL/Firmware_Vivado_Project/redpitaya.srcs/sources_1/ip/system_identification_outputgain_mult/mult_gen_v12_0_10/hdl/mult_gen_v12_0_vh_rfs.vhd:1487]
WARNING: [Synth 8-312] ignoring unsynthesizable construct: assertion statement [d:/Repo/Frequency-comb-DPLL/Firmware_Vivado_Project/redpitaya.srcs/sources_1/ip/system_identification_outputgain_mult/mult_gen_v12_0_10/hdl/mult_gen_v12_0_vh_rfs.vhd:1488]
WARNING: [Synth 8-312] ignoring unsynthesizable construct: assertion statement [d:/Repo/Frequency-comb-DPLL/Firmware_Vivado_Project/redpitaya.srcs/sources_1/ip/system_identification_outputgain_mult/mult_gen_v12_0_10/hdl/mult_gen_v12_0_vh_rfs.vhd:1466]
WARNING: [Synth 8-312] ignoring unsynthesizable construct: assertion statement [d:/Repo/Frequency-comb-DPLL/Firmware_Vivado_Project/redpitaya.srcs/sources_1/ip/system_identification_outputgain_mult/mult_gen_v12_0_10/hdl/mult_gen_v12_0_vh_rfs.vhd:1467]
WARNING: [Synth 8-312] ignoring unsynthesizable construct: assertion statement [d:/Repo/Frequency-comb-DPLL/Firmware_Vivado_Project/redpitaya.srcs/sources_1/ip/system_identification_outputgain_mult/mult_gen_v12_0_10/hdl/mult_gen_v12_0_vh_rfs.vhd:1469]
WARNING: [Synth 8-312] ignoring unsynthesizable construct: assertion statement [d:/Repo/Frequency-comb-DPLL/Firmware_Vivado_Project/redpitaya.srcs/sources_1/ip/system_identification_outputgain_mult/mult_gen_v12_0_10/hdl/mult_gen_v12_0_vh_rfs.vhd:1470]
WARNING: [Synth 8-312] ignoring unsynthesizable construct: assertion statement [d:/Repo/Frequency-comb-DPLL/Firmware_Vivado_Project/redpitaya.srcs/sources_1/ip/system_identification_outputgain_mult/mult_gen_v12_0_10/hdl/mult_gen_v12_0_vh_rfs.vhd:1484]
WARNING: [Synth 8-312] ignoring unsynthesizable construct: assertion statement [d:/Repo/Frequency-comb-DPLL/Firmware_Vivado_Project/redpitaya.srcs/sources_1/ip/system_identification_outputgain_mult/mult_gen_v12_0_10/hdl/mult_gen_v12_0_vh_rfs.vhd:1485]
WARNING: [Synth 8-312] ignoring unsynthesizable construct: assertion statement [d:/Repo/Frequency-comb-DPLL/Firmware_Vivado_Project/redpitaya.srcs/sources_1/ip/system_identification_outputgain_mult/mult_gen_v12_0_10/hdl/mult_gen_v12_0_vh_rfs.vhd:1487]
WARNING: [Synth 8-312] ignoring unsynthesizable construct: assertion statement [d:/Repo/Frequency-comb-DPLL/Firmware_Vivado_Project/redpitaya.srcs/sources_1/ip/system_identification_outputgain_mult/mult_gen_v12_0_10/hdl/mult_gen_v12_0_vh_rfs.vhd:1488]
WARNING: [Synth 8-312] ignoring unsynthesizable construct: assertion statement [d:/Repo/Frequency-comb-DPLL/Firmware_Vivado_Project/redpitaya.srcs/sources_1/ip/system_identification_outputgain_mult/mult_gen_v12_0_10/hdl/mult_gen_v12_0_vh_rfs.vhd:1399]
WARNING: [Synth 8-312] ignoring unsynthesizable construct: assertion statement [d:/Repo/Frequency-comb-DPLL/Firmware_Vivado_Project/redpitaya.srcs/sources_1/ip/system_identification_outputgain_mult/mult_gen_v12_0_10/hdl/mult_gen_v12_0_vh_rfs.vhd:1400]
WARNING: [Synth 8-312] ignoring unsynthesizable construct: assertion statement [d:/Repo/Frequency-comb-DPLL/Firmware_Vivado_Project/redpitaya.srcs/sources_1/ip/system_identification_outputgain_mult/mult_gen_v12_0_10/hdl/mult_gen_v12_0_vh_rfs.vhd:1450]
WARNING: [Synth 8-312] ignoring unsynthesizable construct: assertion statement [d:/Repo/Frequency-comb-DPLL/Firmware_Vivado_Project/redpitaya.srcs/sources_1/ip/system_identification_outputgain_mult/mult_gen_v12_0_10/hdl/mult_gen_v12_0_vh_rfs.vhd:1466]
WARNING: [Synth 8-312] ignoring unsynthesizable construct: assertion statement [d:/Repo/Frequency-comb-DPLL/Firmware_Vivado_Project/redpitaya.srcs/sources_1/ip/system_identification_outputgain_mult/mult_gen_v12_0_10/hdl/mult_gen_v12_0_vh_rfs.vhd:1467]
WARNING: [Synth 8-312] ignoring unsynthesizable construct: assertion statement [d:/Repo/Frequency-comb-DPLL/Firmware_Vivado_Project/redpitaya.srcs/sources_1/ip/system_identification_outputgain_mult/mult_gen_v12_0_10/hdl/mult_gen_v12_0_vh_rfs.vhd:1469]
WARNING: [Synth 8-312] ignoring unsynthesizable construct: assertion statement [d:/Repo/Frequency-comb-DPLL/Firmware_Vivado_Project/redpitaya.srcs/sources_1/ip/system_identification_outputgain_mult/mult_gen_v12_0_10/hdl/mult_gen_v12_0_vh_rfs.vhd:1470]
WARNING: [Synth 8-312] ignoring unsynthesizable construct: assertion statement [d:/Repo/Frequency-comb-DPLL/Firmware_Vivado_Project/redpitaya.srcs/sources_1/ip/system_identification_outputgain_mult/mult_gen_v12_0_10/hdl/mult_gen_v12_0_vh_rfs.vhd:1484]
WARNING: [Synth 8-312] ignoring unsynthesizable construct: assertion statement [d:/Repo/Frequency-comb-DPLL/Firmware_Vivado_Project/redpitaya.srcs/sources_1/ip/system_identification_outputgain_mult/mult_gen_v12_0_10/hdl/mult_gen_v12_0_vh_rfs.vhd:1485]
WARNING: [Synth 8-312] ignoring unsynthesizable construct: assertion statement [d:/Repo/Frequency-comb-DPLL/Firmware_Vivado_Project/redpitaya.srcs/sources_1/ip/system_identification_outputgain_mult/mult_gen_v12_0_10/hdl/mult_gen_v12_0_vh_rfs.vhd:1487]
WARNING: [Synth 8-312] ignoring unsynthesizable construct: assertion statement [d:/Repo/Frequency-comb-DPLL/Firmware_Vivado_Project/redpitaya.srcs/sources_1/ip/system_identification_outputgain_mult/mult_gen_v12_0_10/hdl/mult_gen_v12_0_vh_rfs.vhd:1488]
WARNING: [Synth 8-312] ignoring unsynthesizable construct: assertion statement [d:/Repo/Frequency-comb-DPLL/Firmware_Vivado_Project/redpitaya.srcs/sources_1/ip/system_identification_outputgain_mult/mult_gen_v12_0_10/hdl/mult_gen_v12_0_vh_rfs.vhd:8892]
WARNING: [Synth 8-312] ignoring unsynthesizable construct: assertion statement [d:/Repo/Frequency-comb-DPLL/Firmware_Vivado_Project/redpitaya.srcs/sources_1/ip/system_identification_outputgain_mult/mult_gen_v12_0_10/hdl/mult_gen_v12_0_vh_rfs.vhd:8913]
INFO: [Synth 8-638] synthesizing module 'op_resize' [d:/Repo/Frequency-comb-DPLL/Firmware_Vivado_Project/redpitaya.srcs/sources_1/ip/system_identification_outputgain_mult/mult_gen_v12_0_10/hdl/mult_gen_v12_0_vh_rfs.vhd:4028]
INFO: [Synth 8-256] done synthesizing module 'op_resize' (1#1) [d:/Repo/Frequency-comb-DPLL/Firmware_Vivado_Project/redpitaya.srcs/sources_1/ip/system_identification_outputgain_mult/mult_gen_v12_0_10/hdl/mult_gen_v12_0_vh_rfs.vhd:4028]
INFO: [Synth 8-5534] Detected attribute (* use_dsp48 = "yes" *) [d:/Repo/Frequency-comb-DPLL/Firmware_Vivado_Project/redpitaya.srcs/sources_1/ip/system_identification_outputgain_mult/mult_gen_v12_0_10/hdl/mult_gen_v12_0_vh_rfs.vhd:10381]
INFO: [Synth 8-638] synthesizing module 'delay_line' [d:/Repo/Frequency-comb-DPLL/Firmware_Vivado_Project/redpitaya.srcs/sources_1/ip/system_identification_outputgain_mult/mult_gen_v12_0_10/hdl/mult_gen_v12_0_vh_rfs.vhd:4160]
INFO: [Synth 8-256] done synthesizing module 'delay_line' (2#1) [d:/Repo/Frequency-comb-DPLL/Firmware_Vivado_Project/redpitaya.srcs/sources_1/ip/system_identification_outputgain_mult/mult_gen_v12_0_10/hdl/mult_gen_v12_0_vh_rfs.vhd:4160]
INFO: [Synth 8-256] done synthesizing module 'dsp' (3#1) [d:/Repo/Frequency-comb-DPLL/Firmware_Vivado_Project/redpitaya.srcs/sources_1/ip/system_identification_outputgain_mult/mult_gen_v12_0_10/hdl/mult_gen_v12_0_vh_rfs.vhd:9916]
INFO: [Synth 8-256] done synthesizing module 'mult_gen_v12_0_10_viv' (4#1) [d:/Repo/Frequency-comb-DPLL/Firmware_Vivado_Project/redpitaya.srcs/sources_1/ip/system_identification_outputgain_mult/mult_gen_v12_0_10/hdl/mult_gen_v12_0_vh_rfs.vhd:20781]
INFO: [Synth 8-256] done synthesizing module 'mult_gen_v12_0_10' (5#1) [d:/Repo/Frequency-comb-DPLL/Firmware_Vivado_Project/redpitaya.srcs/sources_1/ip/system_identification_outputgain_mult/mult_gen_v12_0_10/hdl/mult_gen_v12_0.vhd:155]
INFO: [Synth 8-256] done synthesizing module 'system_identification_outputgain_mult' (6#1) [d:/Repo/Frequency-comb-DPLL/Firmware_Vivado_Project/redpitaya.srcs/sources_1/ip/system_identification_outputgain_mult/synth/system_identification_outputgain_mult.vhd:69]
---------------------------------------------------------------------------------
Finished RTL Elaboration : Time (s): cpu = 00:00:16 ; elapsed = 00:00:20 . Memory (MB): peak = 329.668 ; gain = 158.148
---------------------------------------------------------------------------------

Report Check Netlist: 
+------+------------------+-------+---------+-------+------------------+
|      |Item              |Errors |Warnings |Status |Description       |
+------+------------------+-------+---------+-------+------------------+
|1     |multi_driven_nets |      0|        0|Passed |Multi driven nets |
+------+------------------+-------+---------+-------+------------------+
---------------------------------------------------------------------------------
Finished RTL Optimization Phase 1 : Time (s): cpu = 00:00:16 ; elapsed = 00:00:20 . Memory (MB): peak = 329.668 ; gain = 158.148
---------------------------------------------------------------------------------
INFO: [Device 21-403] Loading part xc7z010clg400-1
INFO: [Project 1-570] Preparing netlist for logic optimization

Processing XDC Constraints
Initializing timing engine
Parsing XDC File [d:/Repo/Frequency-comb-DPLL/Firmware_Vivado_Project/redpitaya.srcs/sources_1/ip/system_identification_outputgain_mult/system_identification_outputgain_mult_ooc.xdc] for cell 'U0'
Finished Parsing XDC File [d:/Repo/Frequency-comb-DPLL/Firmware_Vivado_Project/redpitaya.srcs/sources_1/ip/system_identification_outputgain_mult/system_identification_outputgain_mult_ooc.xdc] for cell 'U0'
Parsing XDC File [D:/Repo/Frequency-comb-DPLL/Firmware_Vivado_Project/redpitaya.runs/system_identification_outputgain_mult_synth_1/dont_touch.xdc]
Finished Parsing XDC File [D:/Repo/Frequency-comb-DPLL/Firmware_Vivado_Project/redpitaya.runs/system_identification_outputgain_mult_synth_1/dont_touch.xdc]
Completed Processing XDC Constraints

INFO: [Project 1-111] Unisim Transformation Summary:
No Unisim elements were transformed.

Constraint Validation Runtime : Time (s): cpu = 00:00:00 ; elapsed = 00:00:00.015 . Memory (MB): peak = 610.418 ; gain = 0.000
---------------------------------------------------------------------------------
Finished Constraint Validation : Time (s): cpu = 00:00:24 ; elapsed = 00:00:36 . Memory (MB): peak = 610.418 ; gain = 438.898
---------------------------------------------------------------------------------
---------------------------------------------------------------------------------
Start Loading Part and Timing Information
---------------------------------------------------------------------------------
Loading part: xc7z010clg400-1
---------------------------------------------------------------------------------
Finished Loading Part and Timing Information : Time (s): cpu = 00:00:25 ; elapsed = 00:00:36 . Memory (MB): peak = 610.418 ; gain = 438.898
---------------------------------------------------------------------------------
---------------------------------------------------------------------------------
Start Applying 'set_property' XDC Constraints
---------------------------------------------------------------------------------
Applied set_property DONT_TOUCH = true for U0. (constraint file  auto generated constraint, line ).
---------------------------------------------------------------------------------
Finished applying 'set_property' XDC Constraints : Time (s): cpu = 00:00:25 ; elapsed = 00:00:36 . Memory (MB): peak = 610.418 ; gain = 438.898
---------------------------------------------------------------------------------
---------------------------------------------------------------------------------
Finished RTL Optimization Phase 2 : Time (s): cpu = 00:00:25 ; elapsed = 00:00:36 . Memory (MB): peak = 610.418 ; gain = 438.898
---------------------------------------------------------------------------------

Report RTL Partitions: 
+-+--------------+------------+----------+
| |RTL Partition |Replication |Instances |
+-+--------------+------------+----------+
+-+--------------+------------+----------+
---------------------------------------------------------------------------------
Start RTL Component Statistics 
---------------------------------------------------------------------------------
---------------------------------------------------------------------------------
Finished RTL Component Statistics 
---------------------------------------------------------------------------------
---------------------------------------------------------------------------------
Start RTL Hierarchical Component Statistics 
---------------------------------------------------------------------------------
---------------------------------------------------------------------------------
Finished RTL Hierarchical Component Statistics
---------------------------------------------------------------------------------
---------------------------------------------------------------------------------
Start Part Resource Summary
---------------------------------------------------------------------------------
Part Resources:
DSPs: 80 (col length:40)
BRAMs: 120 (col length: RAMB18 40 RAMB36 20)
---------------------------------------------------------------------------------
Finished Part Resource Summary
---------------------------------------------------------------------------------
Start Parallel Synthesis Optimization  : Time (s): cpu = 00:00:25 ; elapsed = 00:00:36 . Memory (MB): peak = 610.418 ; gain = 438.898
---------------------------------------------------------------------------------
Start Cross Boundary Optimization
---------------------------------------------------------------------------------
---------------------------------------------------------------------------------
Finished Cross Boundary Optimization : Time (s): cpu = 00:00:25 ; elapsed = 00:00:36 . Memory (MB): peak = 610.418 ; gain = 438.898
---------------------------------------------------------------------------------
Finished Parallel Reinference  : Time (s): cpu = 00:00:25 ; elapsed = 00:00:36 . Memory (MB): peak = 610.418 ; gain = 438.898

Report RTL Partitions: 
+-+--------------+------------+----------+
| |RTL Partition |Replication |Instances |
+-+--------------+------------+----------+
+-+--------------+------------+----------+
---------------------------------------------------------------------------------
Start Area Optimization
---------------------------------------------------------------------------------
---------------------------------------------------------------------------------
Finished Area Optimization : Time (s): cpu = 00:00:25 ; elapsed = 00:00:37 . Memory (MB): peak = 610.418 ; gain = 438.898
---------------------------------------------------------------------------------
Finished Parallel Area Optimization  : Time (s): cpu = 00:00:25 ; elapsed = 00:00:37 . Memory (MB): peak = 610.418 ; gain = 438.898

Report RTL Partitions: 
+-+--------------+------------+----------+
| |RTL Partition |Replication |Instances |
+-+--------------+------------+----------+
+-+--------------+------------+----------+
---------------------------------------------------------------------------------
Start Timing Optimization
---------------------------------------------------------------------------------
---------------------------------------------------------------------------------
Start Applying XDC Timing Constraints
---------------------------------------------------------------------------------
---------------------------------------------------------------------------------
Finished Applying XDC Timing Constraints : Time (s): cpu = 00:00:42 ; elapsed = 00:00:54 . Memory (MB): peak = 610.668 ; gain = 439.148
---------------------------------------------------------------------------------
---------------------------------------------------------------------------------
Finished Timing Optimization : Time (s): cpu = 00:00:42 ; elapsed = 00:00:54 . Memory (MB): peak = 610.668 ; gain = 439.148
---------------------------------------------------------------------------------

Report RTL Partitions: 
+-+--------------+------------+----------+
| |RTL Partition |Replication |Instances |
+-+--------------+------------+----------+
+-+--------------+------------+----------+
---------------------------------------------------------------------------------
Start Technology Mapping
---------------------------------------------------------------------------------
---------------------------------------------------------------------------------
Finished Technology Mapping : Time (s): cpu = 00:00:42 ; elapsed = 00:00:54 . Memory (MB): peak = 620.262 ; gain = 448.742
---------------------------------------------------------------------------------
Finished Parallel Technology Mapping Optimization  : Time (s): cpu = 00:00:42 ; elapsed = 00:00:54 . Memory (MB): peak = 620.262 ; gain = 448.742

Report RTL Partitions: 
+-+--------------+------------+----------+
| |RTL Partition |Replication |Instances |
+-+--------------+------------+----------+
+-+--------------+------------+----------+
Finished Parallel Synthesis Optimization  : Time (s): cpu = 00:00:42 ; elapsed = 00:00:54 . Memory (MB): peak = 620.262 ; gain = 448.742
---------------------------------------------------------------------------------
Start IO Insertion
---------------------------------------------------------------------------------
---------------------------------------------------------------------------------
Start Flattening Before IO Insertion
---------------------------------------------------------------------------------
---------------------------------------------------------------------------------
Finished Flattening Before IO Insertion
---------------------------------------------------------------------------------
---------------------------------------------------------------------------------
Start Final Netlist Cleanup
---------------------------------------------------------------------------------
---------------------------------------------------------------------------------
Finished Final Netlist Cleanup
---------------------------------------------------------------------------------
---------------------------------------------------------------------------------
Finished IO Insertion : Time (s): cpu = 00:00:42 ; elapsed = 00:00:54 . Memory (MB): peak = 620.262 ; gain = 448.742
---------------------------------------------------------------------------------

Report Check Netlist: 
+------+------------------+-------+---------+-------+------------------+
|      |Item              |Errors |Warnings |Status |Description       |
+------+------------------+-------+---------+-------+------------------+
|1     |multi_driven_nets |      0|        0|Passed |Multi driven nets |
+------+------------------+-------+---------+-------+------------------+
---------------------------------------------------------------------------------
Start Renaming Generated Instances
---------------------------------------------------------------------------------
---------------------------------------------------------------------------------
Finished Renaming Generated Instances : Time (s): cpu = 00:00:42 ; elapsed = 00:00:54 . Memory (MB): peak = 620.262 ; gain = 448.742
---------------------------------------------------------------------------------

Report RTL Partitions: 
+-+--------------+------------+----------+
| |RTL Partition |Replication |Instances |
+-+--------------+------------+----------+
+-+--------------+------------+----------+
---------------------------------------------------------------------------------
Start Rebuilding User Hierarchy
---------------------------------------------------------------------------------
---------------------------------------------------------------------------------
Finished Rebuilding User Hierarchy : Time (s): cpu = 00:00:42 ; elapsed = 00:00:54 . Memory (MB): peak = 620.262 ; gain = 448.742
---------------------------------------------------------------------------------
---------------------------------------------------------------------------------
Start Renaming Generated Ports
---------------------------------------------------------------------------------
---------------------------------------------------------------------------------
Finished Renaming Generated Ports : Time (s): cpu = 00:00:42 ; elapsed = 00:00:54 . Memory (MB): peak = 620.262 ; gain = 448.742
---------------------------------------------------------------------------------
---------------------------------------------------------------------------------
Start Handling Custom Attributes
---------------------------------------------------------------------------------
---------------------------------------------------------------------------------
Finished Handling Custom Attributes : Time (s): cpu = 00:00:42 ; elapsed = 00:00:55 . Memory (MB): peak = 620.262 ; gain = 448.742
---------------------------------------------------------------------------------
---------------------------------------------------------------------------------
Start Renaming Generated Nets
---------------------------------------------------------------------------------
---------------------------------------------------------------------------------
Finished Renaming Generated Nets : Time (s): cpu = 00:00:42 ; elapsed = 00:00:55 . Memory (MB): peak = 620.262 ; gain = 448.742
---------------------------------------------------------------------------------
---------------------------------------------------------------------------------
Start Writing Synthesis Report
---------------------------------------------------------------------------------

Report BlackBoxes: 
+-+--------------+----------+
| |BlackBox name |Instances |
+-+--------------+----------+
+-+--------------+----------+

Report Cell Usage: 
+------+----------+------+
|      |Cell      |Count |
+------+----------+------+
|1     |DSP48E1_1 |     1|
+------+----------+------+
---------------------------------------------------------------------------------
Finished Writing Synthesis Report : Time (s): cpu = 00:00:42 ; elapsed = 00:00:55 . Memory (MB): peak = 620.262 ; gain = 448.742
---------------------------------------------------------------------------------
Synthesis finished with 0 errors, 0 critical warnings and 0 warnings.
Synthesis Optimization Runtime : Time (s): cpu = 00:00:22 ; elapsed = 00:00:39 . Memory (MB): peak = 620.262 ; gain = 130.602
Synthesis Optimization Complete : Time (s): cpu = 00:00:43 ; elapsed = 00:00:55 . Memory (MB): peak = 620.262 ; gain = 448.742
INFO: [Project 1-571] Translating synthesized netlist
INFO: [Netlist 29-17] Analyzing 1 Unisim elements for replacement
INFO: [Netlist 29-28] Unisim Transformation completed in 0 CPU seconds
INFO: [Project 1-570] Preparing netlist for logic optimization
Parsing XDC File [d:/Repo/Frequency-comb-DPLL/Firmware_Vivado_Project/redpitaya.srcs/sources_1/ip/system_identification_outputgain_mult/system_identification_outputgain_mult_ooc.xdc] for cell 'U0'
Finished Parsing XDC File [d:/Repo/Frequency-comb-DPLL/Firmware_Vivado_Project/redpitaya.srcs/sources_1/ip/system_identification_outputgain_mult/system_identification_outputgain_mult_ooc.xdc] for cell 'U0'
INFO: [Opt 31-138] Pushed 0 inverter(s) to 0 load pin(s).
INFO: [Project 1-111] Unisim Transformation Summary:
No Unisim elements were transformed.

INFO: [Common 17-83] Releasing license: Synthesis
29 Infos, 46 Warnings, 0 Critical Warnings and 0 Errors encountered.
synth_design completed successfully
synth_design: Time (s): cpu = 00:00:41 ; elapsed = 00:00:53 . Memory (MB): peak = 620.262 ; gain = 413.773
INFO: [Coretcl 2-1174] Renamed 3 cell refs.
report_utilization: Time (s): cpu = 00:00:00 ; elapsed = 00:00:00.017 . Memory (MB): peak = 620.262 ; gain = 0.000
INFO: [Common 17-206] Exiting Vivado at Tue Jan 30 04:14:22 2018...
