Vivado Simulator 2015.4
Copyright 1986-1999, 2001-2015 Xilinx, Inc. All Rights Reserved.
Running: D:/Xilinx/Vivado/2015.4/bin/unwrapped/win64.o/xelab.exe -wto 55fbcb833fab42aea5d71afd7d8d1644 --debug typical --relax --mt 2 -L work -L fifo_generator_v13_0_1 -L secureip --snapshot addr_packed_testbench_behav work.addr_packed_testbench -log elaborate.log 
Using 2 slave threads.
Starting static elaboration
Completed static elaboration
Starting simulation data flow analysis
Completed simulation data flow analysis
Time Resolution for simulation is 1ps
Compiling package std.standard
Compiling package ieee.std_logic_1164
Compiling package ieee.numeric_std
Compiling package synopsys.attributes
Compiling package ieee.std_logic_misc
Compiling package ieee.std_logic_arith
Compiling package ieee.std_logic_unsigned
Compiling package std.textio
Compiling architecture behavioral of entity fifo_generator_v13_0_1.fifo_generator_v13_0_1_bhv_ss [\fifo_generator_v13_0_1_bhv_ss("...]
Compiling architecture behavioral of entity fifo_generator_v13_0_1.fifo_generator_v13_0_1_conv [\fifo_generator_v13_0_1_conv(1,0...]
Compiling architecture behavioral of entity fifo_generator_v13_0_1.fifo_generator_vhdl_beh [\fifo_generator_vhdl_beh(1,0,9,"...]
Compiling architecture xilinx of entity fifo_generator_v13_0_1.fifo_generator_v13_0_1 [\fifo_generator_v13_0_1(1,0,9,"B...]
Compiling architecture fifo_addr_packed_arch of entity work.FIFO_addr_packed [fifo_addr_packed_default]
Compiling architecture behavioral of entity work.simple_dualport_ram_with_init [\simple_dualport_ram_with_init(8...]
Compiling architecture behavioral of entity work.FSM_addr_packed [fsm_addr_packed_default]
Compiling architecture behavioral of entity work.addr_packed [addr_packed_default]
Compiling architecture behavior of entity work.addr_packed_testbench
Built simulation snapshot addr_packed_testbench_behav
