
*** Running vivado
    with args -log system_identification_outputgain_mult.vds -m64 -mode batch -messageDb vivado.pb -notrace -source system_identification_outputgain_mult.tcl


****** Vivado v2015.4 (64-bit)
  **** SW Build 1412921 on Wed Nov 18 09:44:32 MST 2015
  **** IP Build 1412160 on Tue Nov 17 13:47:24 MST 2015
    ** Copyright 1986-2015 Xilinx, Inc. All Rights Reserved.

source system_identification_outputgain_mult.tcl -notrace
INFO: [IP_Flow 19-234] Refreshing IP repositories
INFO: [IP_Flow 19-1704] No user IP repositories specified
INFO: [IP_Flow 19-2313] Loaded Vivado IP repository '/opt/Xilinx/Vivado/2015.4/data/ip'.
WARNING: [IP_Flow 19-3664] IP 'system_identification_outputgain_mult' generated file not found '/media/sf_D/Projects/RedPitaya/fpga/project/redpitaya.srcs/sources_1/ip/system_identification_outputgain_mult/system_identification_outputgain_mult.dcp'. Please regenerate to continue.
WARNING: [IP_Flow 19-3664] IP 'system_identification_outputgain_mult' generated file not found '/media/sf_D/Projects/RedPitaya/fpga/project/redpitaya.srcs/sources_1/ip/system_identification_outputgain_mult/system_identification_outputgain_mult_stub.v'. Please regenerate to continue.
WARNING: [IP_Flow 19-3664] IP 'system_identification_outputgain_mult' generated file not found '/media/sf_D/Projects/RedPitaya/fpga/project/redpitaya.srcs/sources_1/ip/system_identification_outputgain_mult/system_identification_outputgain_mult_stub.vhdl'. Please regenerate to continue.
WARNING: [IP_Flow 19-3664] IP 'system_identification_outputgain_mult' generated file not found '/media/sf_D/Projects/RedPitaya/fpga/project/redpitaya.srcs/sources_1/ip/system_identification_outputgain_mult/system_identification_outputgain_mult_sim_netlist.v'. Please regenerate to continue.
WARNING: [IP_Flow 19-3664] IP 'system_identification_outputgain_mult' generated file not found '/media/sf_D/Projects/RedPitaya/fpga/project/redpitaya.srcs/sources_1/ip/system_identification_outputgain_mult/system_identification_outputgain_mult_sim_netlist.vhdl'. Please regenerate to continue.
Command: synth_design -top system_identification_outputgain_mult -part xc7z010clg400-1 -mode out_of_context
Starting synth_design
Attempting to get a license for feature 'Synthesis' and/or device 'xc7z010'
INFO: [Common 17-349] Got license for feature 'Synthesis' and/or device 'xc7z010'
---------------------------------------------------------------------------------
Starting RTL Elaboration : Time (s): cpu = 00:00:04 ; elapsed = 00:00:06 . Memory (MB): peak = 1019.172 ; gain = 175.027 ; free physical = 456 ; free virtual = 5768
---------------------------------------------------------------------------------
INFO: [Synth 8-638] synthesizing module 'system_identification_outputgain_mult' [/media/sf_D/Projects/RedPitaya/fpga/project/redpitaya.srcs/sources_1/ip/system_identification_outputgain_mult/synth/system_identification_outputgain_mult.vhd:69]
WARNING: [Synth 8-5640] Port 'zero_detect' is missing in component declaration [/media/sf_D/Projects/RedPitaya/fpga/project/redpitaya.srcs/sources_1/ip/system_identification_outputgain_mult/synth/system_identification_outputgain_mult.vhd:73]
WARNING: [Synth 8-5640] Port 'pcasc' is missing in component declaration [/media/sf_D/Projects/RedPitaya/fpga/project/redpitaya.srcs/sources_1/ip/system_identification_outputgain_mult/synth/system_identification_outputgain_mult.vhd:73]
INFO: [Synth 8-3491] module 'mult_gen_v12_0_10' declared at '/media/sf_D/Projects/RedPitaya/fpga/project/redpitaya.srcs/sources_1/ip/system_identification_outputgain_mult/mult_gen_v12_0_10/hdl/mult_gen_v12_0.vhd:116' bound to instance 'U0' of component 'mult_gen_v12_0_10' [/media/sf_D/Projects/RedPitaya/fpga/project/redpitaya.srcs/sources_1/ip/system_identification_outputgain_mult/synth/system_identification_outputgain_mult.vhd:118]
INFO: [Synth 8-638] synthesizing module 'mult_gen_v12_0_10' [/media/sf_D/Projects/RedPitaya/fpga/project/redpitaya.srcs/sources_1/ip/system_identification_outputgain_mult/mult_gen_v12_0_10/hdl/mult_gen_v12_0.vhd:155]
INFO: [Synth 8-3491] module 'mult_gen_v12_0_10_viv' declared at '/media/sf_D/Projects/RedPitaya/fpga/project/redpitaya.srcs/sources_1/ip/system_identification_outputgain_mult/mult_gen_v12_0_10/hdl/mult_gen_v12_0_vh_rfs.vhd:20732' bound to instance 'i_mult' of component 'mult_gen_v12_0_10_viv' [/media/sf_D/Projects/RedPitaya/fpga/project/redpitaya.srcs/sources_1/ip/system_identification_outputgain_mult/mult_gen_v12_0_10/hdl/mult_gen_v12_0.vhd:161]
INFO: [Synth 8-638] synthesizing module 'mult_gen_v12_0_10_viv' [/media/sf_D/Projects/RedPitaya/fpga/project/redpitaya.srcs/sources_1/ip/system_identification_outputgain_mult/mult_gen_v12_0_10/hdl/mult_gen_v12_0_vh_rfs.vhd:20781]
WARNING: [Synth 8-312] ignoring unsynthesizable construct: assertion statement [/media/sf_D/Projects/RedPitaya/fpga/project/redpitaya.srcs/sources_1/ip/system_identification_outputgain_mult/mult_gen_v12_0_10/hdl/mult_gen_v12_0_vh_rfs.vhd:862]
WARNING: [Synth 8-312] ignoring unsynthesizable construct: assertion statement [/media/sf_D/Projects/RedPitaya/fpga/project/redpitaya.srcs/sources_1/ip/system_identification_outputgain_mult/mult_gen_v12_0_10/hdl/mult_gen_v12_0_vh_rfs.vhd:863]
WARNING: [Synth 8-312] ignoring unsynthesizable construct: assertion statement [/media/sf_D/Projects/RedPitaya/fpga/project/redpitaya.srcs/sources_1/ip/system_identification_outputgain_mult/mult_gen_v12_0_10/hdl/mult_gen_v12_0_vh_rfs.vhd:870]
WARNING: [Synth 8-312] ignoring unsynthesizable construct: assertion statement [/media/sf_D/Projects/RedPitaya/fpga/project/redpitaya.srcs/sources_1/ip/system_identification_outputgain_mult/mult_gen_v12_0_10/hdl/mult_gen_v12_0_vh_rfs.vhd:884]
WARNING: [Synth 8-312] ignoring unsynthesizable construct: assertion statement [/media/sf_D/Projects/RedPitaya/fpga/project/redpitaya.srcs/sources_1/ip/system_identification_outputgain_mult/mult_gen_v12_0_10/hdl/mult_gen_v12_0_vh_rfs.vhd:891]
WARNING: [Synth 8-312] ignoring unsynthesizable construct: assertion statement [/media/sf_D/Projects/RedPitaya/fpga/project/redpitaya.srcs/sources_1/ip/system_identification_outputgain_mult/mult_gen_v12_0_10/hdl/mult_gen_v12_0_vh_rfs.vhd:901]
WARNING: [Synth 8-312] ignoring unsynthesizable construct: assertion statement [/media/sf_D/Projects/RedPitaya/fpga/project/redpitaya.srcs/sources_1/ip/system_identification_outputgain_mult/mult_gen_v12_0_10/hdl/mult_gen_v12_0_vh_rfs.vhd:910]
WARNING: [Synth 8-312] ignoring unsynthesizable construct: assertion statement [/media/sf_D/Projects/RedPitaya/fpga/project/redpitaya.srcs/sources_1/ip/system_identification_outputgain_mult/mult_gen_v12_0_10/hdl/mult_gen_v12_0_vh_rfs.vhd:932]
WARNING: [Synth 8-312] ignoring unsynthesizable construct: assertion statement [/media/sf_D/Projects/RedPitaya/fpga/project/redpitaya.srcs/sources_1/ip/system_identification_outputgain_mult/mult_gen_v12_0_10/hdl/mult_gen_v12_0_vh_rfs.vhd:939]
INFO: [Synth 8-638] synthesizing module 'dsp' [/media/sf_D/Projects/RedPitaya/fpga/project/redpitaya.srcs/sources_1/ip/system_identification_outputgain_mult/mult_gen_v12_0_10/hdl/mult_gen_v12_0_vh_rfs.vhd:9916]
WARNING: [Synth 8-312] ignoring unsynthesizable construct: assertion statement [/media/sf_D/Projects/RedPitaya/fpga/project/redpitaya.srcs/sources_1/ip/system_identification_outputgain_mult/mult_gen_v12_0_10/hdl/mult_gen_v12_0_vh_rfs.vhd:1374]
WARNING: [Synth 8-312] ignoring unsynthesizable construct: assertion statement [/media/sf_D/Projects/RedPitaya/fpga/project/redpitaya.srcs/sources_1/ip/system_identification_outputgain_mult/mult_gen_v12_0_10/hdl/mult_gen_v12_0_vh_rfs.vhd:1466]
WARNING: [Synth 8-312] ignoring unsynthesizable construct: assertion statement [/media/sf_D/Projects/RedPitaya/fpga/project/redpitaya.srcs/sources_1/ip/system_identification_outputgain_mult/mult_gen_v12_0_10/hdl/mult_gen_v12_0_vh_rfs.vhd:1467]
WARNING: [Synth 8-312] ignoring unsynthesizable construct: assertion statement [/media/sf_D/Projects/RedPitaya/fpga/project/redpitaya.srcs/sources_1/ip/system_identification_outputgain_mult/mult_gen_v12_0_10/hdl/mult_gen_v12_0_vh_rfs.vhd:1469]
WARNING: [Synth 8-312] ignoring unsynthesizable construct: assertion statement [/media/sf_D/Projects/RedPitaya/fpga/project/redpitaya.srcs/sources_1/ip/system_identification_outputgain_mult/mult_gen_v12_0_10/hdl/mult_gen_v12_0_vh_rfs.vhd:1470]
WARNING: [Synth 8-312] ignoring unsynthesizable construct: assertion statement [/media/sf_D/Projects/RedPitaya/fpga/project/redpitaya.srcs/sources_1/ip/system_identification_outputgain_mult/mult_gen_v12_0_10/hdl/mult_gen_v12_0_vh_rfs.vhd:1484]
WARNING: [Synth 8-312] ignoring unsynthesizable construct: assertion statement [/media/sf_D/Projects/RedPitaya/fpga/project/redpitaya.srcs/sources_1/ip/system_identification_outputgain_mult/mult_gen_v12_0_10/hdl/mult_gen_v12_0_vh_rfs.vhd:1485]
WARNING: [Synth 8-312] ignoring unsynthesizable construct: assertion statement [/media/sf_D/Projects/RedPitaya/fpga/project/redpitaya.srcs/sources_1/ip/system_identification_outputgain_mult/mult_gen_v12_0_10/hdl/mult_gen_v12_0_vh_rfs.vhd:1487]
WARNING: [Synth 8-312] ignoring unsynthesizable construct: assertion statement [/media/sf_D/Projects/RedPitaya/fpga/project/redpitaya.srcs/sources_1/ip/system_identification_outputgain_mult/mult_gen_v12_0_10/hdl/mult_gen_v12_0_vh_rfs.vhd:1488]
WARNING: [Synth 8-312] ignoring unsynthesizable construct: assertion statement [/media/sf_D/Projects/RedPitaya/fpga/project/redpitaya.srcs/sources_1/ip/system_identification_outputgain_mult/mult_gen_v12_0_10/hdl/mult_gen_v12_0_vh_rfs.vhd:1466]
WARNING: [Synth 8-312] ignoring unsynthesizable construct: assertion statement [/media/sf_D/Projects/RedPitaya/fpga/project/redpitaya.srcs/sources_1/ip/system_identification_outputgain_mult/mult_gen_v12_0_10/hdl/mult_gen_v12_0_vh_rfs.vhd:1467]
WARNING: [Synth 8-312] ignoring unsynthesizable construct: assertion statement [/media/sf_D/Projects/RedPitaya/fpga/project/redpitaya.srcs/sources_1/ip/system_identification_outputgain_mult/mult_gen_v12_0_10/hdl/mult_gen_v12_0_vh_rfs.vhd:1469]
WARNING: [Synth 8-312] ignoring unsynthesizable construct: assertion statement [/media/sf_D/Projects/RedPitaya/fpga/project/redpitaya.srcs/sources_1/ip/system_identification_outputgain_mult/mult_gen_v12_0_10/hdl/mult_gen_v12_0_vh_rfs.vhd:1470]
WARNING: [Synth 8-312] ignoring unsynthesizable construct: assertion statement [/media/sf_D/Projects/RedPitaya/fpga/project/redpitaya.srcs/sources_1/ip/system_identification_outputgain_mult/mult_gen_v12_0_10/hdl/mult_gen_v12_0_vh_rfs.vhd:1484]
WARNING: [Synth 8-312] ignoring unsynthesizable construct: assertion statement [/media/sf_D/Projects/RedPitaya/fpga/project/redpitaya.srcs/sources_1/ip/system_identification_outputgain_mult/mult_gen_v12_0_10/hdl/mult_gen_v12_0_vh_rfs.vhd:1485]
WARNING: [Synth 8-312] ignoring unsynthesizable construct: assertion statement [/media/sf_D/Projects/RedPitaya/fpga/project/redpitaya.srcs/sources_1/ip/system_identification_outputgain_mult/mult_gen_v12_0_10/hdl/mult_gen_v12_0_vh_rfs.vhd:1487]
WARNING: [Synth 8-312] ignoring unsynthesizable construct: assertion statement [/media/sf_D/Projects/RedPitaya/fpga/project/redpitaya.srcs/sources_1/ip/system_identification_outputgain_mult/mult_gen_v12_0_10/hdl/mult_gen_v12_0_vh_rfs.vhd:1488]
WARNING: [Synth 8-312] ignoring unsynthesizable construct: assertion statement [/media/sf_D/Projects/RedPitaya/fpga/project/redpitaya.srcs/sources_1/ip/system_identification_outputgain_mult/mult_gen_v12_0_10/hdl/mult_gen_v12_0_vh_rfs.vhd:1399]
WARNING: [Synth 8-312] ignoring unsynthesizable construct: assertion statement [/media/sf_D/Projects/RedPitaya/fpga/project/redpitaya.srcs/sources_1/ip/system_identification_outputgain_mult/mult_gen_v12_0_10/hdl/mult_gen_v12_0_vh_rfs.vhd:1400]
WARNING: [Synth 8-312] ignoring unsynthesizable construct: assertion statement [/media/sf_D/Projects/RedPitaya/fpga/project/redpitaya.srcs/sources_1/ip/system_identification_outputgain_mult/mult_gen_v12_0_10/hdl/mult_gen_v12_0_vh_rfs.vhd:1450]
WARNING: [Synth 8-312] ignoring unsynthesizable construct: assertion statement [/media/sf_D/Projects/RedPitaya/fpga/project/redpitaya.srcs/sources_1/ip/system_identification_outputgain_mult/mult_gen_v12_0_10/hdl/mult_gen_v12_0_vh_rfs.vhd:1466]
WARNING: [Synth 8-312] ignoring unsynthesizable construct: assertion statement [/media/sf_D/Projects/RedPitaya/fpga/project/redpitaya.srcs/sources_1/ip/system_identification_outputgain_mult/mult_gen_v12_0_10/hdl/mult_gen_v12_0_vh_rfs.vhd:1467]
WARNING: [Synth 8-312] ignoring unsynthesizable construct: assertion statement [/media/sf_D/Projects/RedPitaya/fpga/project/redpitaya.srcs/sources_1/ip/system_identification_outputgain_mult/mult_gen_v12_0_10/hdl/mult_gen_v12_0_vh_rfs.vhd:1469]
WARNING: [Synth 8-312] ignoring unsynthesizable construct: assertion statement [/media/sf_D/Projects/RedPitaya/fpga/project/redpitaya.srcs/sources_1/ip/system_identification_outputgain_mult/mult_gen_v12_0_10/hdl/mult_gen_v12_0_vh_rfs.vhd:1470]
WARNING: [Synth 8-312] ignoring unsynthesizable construct: assertion statement [/media/sf_D/Projects/RedPitaya/fpga/project/redpitaya.srcs/sources_1/ip/system_identification_outputgain_mult/mult_gen_v12_0_10/hdl/mult_gen_v12_0_vh_rfs.vhd:1484]
WARNING: [Synth 8-312] ignoring unsynthesizable construct: assertion statement [/media/sf_D/Projects/RedPitaya/fpga/project/redpitaya.srcs/sources_1/ip/system_identification_outputgain_mult/mult_gen_v12_0_10/hdl/mult_gen_v12_0_vh_rfs.vhd:1485]
WARNING: [Synth 8-312] ignoring unsynthesizable construct: assertion statement [/media/sf_D/Projects/RedPitaya/fpga/project/redpitaya.srcs/sources_1/ip/system_identification_outputgain_mult/mult_gen_v12_0_10/hdl/mult_gen_v12_0_vh_rfs.vhd:1487]
WARNING: [Synth 8-312] ignoring unsynthesizable construct: assertion statement [/media/sf_D/Projects/RedPitaya/fpga/project/redpitaya.srcs/sources_1/ip/system_identification_outputgain_mult/mult_gen_v12_0_10/hdl/mult_gen_v12_0_vh_rfs.vhd:1488]
WARNING: [Synth 8-312] ignoring unsynthesizable construct: assertion statement [/media/sf_D/Projects/RedPitaya/fpga/project/redpitaya.srcs/sources_1/ip/system_identification_outputgain_mult/mult_gen_v12_0_10/hdl/mult_gen_v12_0_vh_rfs.vhd:8892]
WARNING: [Synth 8-312] ignoring unsynthesizable construct: assertion statement [/media/sf_D/Projects/RedPitaya/fpga/project/redpitaya.srcs/sources_1/ip/system_identification_outputgain_mult/mult_gen_v12_0_10/hdl/mult_gen_v12_0_vh_rfs.vhd:8913]
INFO: [Synth 8-638] synthesizing module 'op_resize' [/media/sf_D/Projects/RedPitaya/fpga/project/redpitaya.srcs/sources_1/ip/system_identification_outputgain_mult/mult_gen_v12_0_10/hdl/mult_gen_v12_0_vh_rfs.vhd:4028]
INFO: [Synth 8-256] done synthesizing module 'op_resize' (1#1) [/media/sf_D/Projects/RedPitaya/fpga/project/redpitaya.srcs/sources_1/ip/system_identification_outputgain_mult/mult_gen_v12_0_10/hdl/mult_gen_v12_0_vh_rfs.vhd:4028]
INFO: [Synth 8-5534] Detected attribute (* use_dsp48 = "yes" *) [/media/sf_D/Projects/RedPitaya/fpga/project/redpitaya.srcs/sources_1/ip/system_identification_outputgain_mult/mult_gen_v12_0_10/hdl/mult_gen_v12_0_vh_rfs.vhd:10381]
INFO: [Synth 8-638] synthesizing module 'delay_line' [/media/sf_D/Projects/RedPitaya/fpga/project/redpitaya.srcs/sources_1/ip/system_identification_outputgain_mult/mult_gen_v12_0_10/hdl/mult_gen_v12_0_vh_rfs.vhd:4160]
INFO: [Synth 8-256] done synthesizing module 'delay_line' (2#1) [/media/sf_D/Projects/RedPitaya/fpga/project/redpitaya.srcs/sources_1/ip/system_identification_outputgain_mult/mult_gen_v12_0_10/hdl/mult_gen_v12_0_vh_rfs.vhd:4160]
INFO: [Synth 8-256] done synthesizing module 'dsp' (3#1) [/media/sf_D/Projects/RedPitaya/fpga/project/redpitaya.srcs/sources_1/ip/system_identification_outputgain_mult/mult_gen_v12_0_10/hdl/mult_gen_v12_0_vh_rfs.vhd:9916]
INFO: [Synth 8-256] done synthesizing module 'mult_gen_v12_0_10_viv' (4#1) [/media/sf_D/Projects/RedPitaya/fpga/project/redpitaya.srcs/sources_1/ip/system_identification_outputgain_mult/mult_gen_v12_0_10/hdl/mult_gen_v12_0_vh_rfs.vhd:20781]
INFO: [Synth 8-256] done synthesizing module 'mult_gen_v12_0_10' (5#1) [/media/sf_D/Projects/RedPitaya/fpga/project/redpitaya.srcs/sources_1/ip/system_identification_outputgain_mult/mult_gen_v12_0_10/hdl/mult_gen_v12_0.vhd:155]
INFO: [Synth 8-256] done synthesizing module 'system_identification_outputgain_mult' (6#1) [/media/sf_D/Projects/RedPitaya/fpga/project/redpitaya.srcs/sources_1/ip/system_identification_outputgain_mult/synth/system_identification_outputgain_mult.vhd:69]
---------------------------------------------------------------------------------
Finished RTL Elaboration : Time (s): cpu = 00:00:08 ; elapsed = 00:00:10 . Memory (MB): peak = 1065.035 ; gain = 220.891 ; free physical = 408 ; free virtual = 5720
---------------------------------------------------------------------------------

Report Check Netlist: 
+------+------------------+-------+---------+-------+------------------+
|      |Item              |Errors |Warnings |Status |Description       |
+------+------------------+-------+---------+-------+------------------+
|1     |multi_driven_nets |      0|        0|Passed |Multi driven nets |
+------+------------------+-------+---------+-------+------------------+
---------------------------------------------------------------------------------
Finished RTL Optimization Phase 1 : Time (s): cpu = 00:00:08 ; elapsed = 00:00:10 . Memory (MB): peak = 1065.035 ; gain = 220.891 ; free physical = 408 ; free virtual = 5721
---------------------------------------------------------------------------------
INFO: [Device 21-403] Loading part xc7z010clg400-1
INFO: [Project 1-570] Preparing netlist for logic optimization

Processing XDC Constraints
Initializing timing engine
Parsing XDC File [/media/sf_D/Projects/RedPitaya/fpga/project/redpitaya.srcs/sources_1/ip/system_identification_outputgain_mult/system_identification_outputgain_mult_ooc.xdc] for cell 'U0'
Finished Parsing XDC File [/media/sf_D/Projects/RedPitaya/fpga/project/redpitaya.srcs/sources_1/ip/system_identification_outputgain_mult/system_identification_outputgain_mult_ooc.xdc] for cell 'U0'
Parsing XDC File [/media/sf_D/Projects/RedPitaya/fpga/project/redpitaya.runs/system_identification_outputgain_mult_synth_1/dont_touch.xdc]
Finished Parsing XDC File [/media/sf_D/Projects/RedPitaya/fpga/project/redpitaya.runs/system_identification_outputgain_mult_synth_1/dont_touch.xdc]
Completed Processing XDC Constraints

INFO: [Project 1-111] Unisim Transformation Summary:
No Unisim elements were transformed.

Constraint Validation Runtime : Time (s): cpu = 00:00:00.01 ; elapsed = 00:00:00.02 . Memory (MB): peak = 1379.379 ; gain = 0.000 ; free physical = 264 ; free virtual = 5576
INFO: Launching helper process for spawning children vivado processes
INFO: Helper process launched with PID 14448 
---------------------------------------------------------------------------------
Finished Constraint Validation : Time (s): cpu = 00:00:14 ; elapsed = 00:00:16 . Memory (MB): peak = 1379.379 ; gain = 535.234 ; free physical = 258 ; free virtual = 5571
---------------------------------------------------------------------------------
---------------------------------------------------------------------------------
Start Loading Part and Timing Information
---------------------------------------------------------------------------------
Loading part: xc7z010clg400-1
---------------------------------------------------------------------------------
Finished Loading Part and Timing Information : Time (s): cpu = 00:00:14 ; elapsed = 00:00:16 . Memory (MB): peak = 1379.379 ; gain = 535.234 ; free physical = 258 ; free virtual = 5571
---------------------------------------------------------------------------------
---------------------------------------------------------------------------------
Start Applying 'set_property' XDC Constraints
---------------------------------------------------------------------------------
Applied set_property DONT_TOUCH = true for U0. (constraint file  auto generated constraint, line ).
---------------------------------------------------------------------------------
Finished applying 'set_property' XDC Constraints : Time (s): cpu = 00:00:14 ; elapsed = 00:00:16 . Memory (MB): peak = 1379.379 ; gain = 535.234 ; free physical = 259 ; free virtual = 5571
---------------------------------------------------------------------------------
---------------------------------------------------------------------------------
Finished RTL Optimization Phase 2 : Time (s): cpu = 00:00:14 ; elapsed = 00:00:16 . Memory (MB): peak = 1379.379 ; gain = 535.234 ; free physical = 248 ; free virtual = 5560
---------------------------------------------------------------------------------

Report RTL Partitions: 
+-+--------------+------------+----------+
| |RTL Partition |Replication |Instances |
+-+--------------+------------+----------+
+-+--------------+------------+----------+
---------------------------------------------------------------------------------
Start RTL Component Statistics 
---------------------------------------------------------------------------------
---------------------------------------------------------------------------------
Finished RTL Component Statistics 
---------------------------------------------------------------------------------
---------------------------------------------------------------------------------
Start RTL Hierarchical Component Statistics 
---------------------------------------------------------------------------------
---------------------------------------------------------------------------------
Finished RTL Hierarchical Component Statistics
---------------------------------------------------------------------------------
---------------------------------------------------------------------------------
Start Part Resource Summary
---------------------------------------------------------------------------------
Part Resources:
DSPs: 80 (col length:40)
BRAMs: 120 (col length: RAMB18 40 RAMB36 20)
---------------------------------------------------------------------------------
Finished Part Resource Summary
---------------------------------------------------------------------------------
Start Parallel Synthesis Optimization  : Time (s): cpu = 00:00:14 ; elapsed = 00:00:16 . Memory (MB): peak = 1379.379 ; gain = 535.234 ; free physical = 248 ; free virtual = 5560
---------------------------------------------------------------------------------
Start Cross Boundary Optimization
---------------------------------------------------------------------------------
---------------------------------------------------------------------------------
Finished Cross Boundary Optimization : Time (s): cpu = 00:00:14 ; elapsed = 00:00:16 . Memory (MB): peak = 1379.379 ; gain = 535.234 ; free physical = 253 ; free virtual = 5566
---------------------------------------------------------------------------------
Finished Parallel Reinference  : Time (s): cpu = 00:00:14 ; elapsed = 00:00:16 . Memory (MB): peak = 1379.379 ; gain = 535.234 ; free physical = 253 ; free virtual = 5566

Report RTL Partitions: 
+-+--------------+------------+----------+
| |RTL Partition |Replication |Instances |
+-+--------------+------------+----------+
+-+--------------+------------+----------+
---------------------------------------------------------------------------------
Start Area Optimization
---------------------------------------------------------------------------------
---------------------------------------------------------------------------------
Finished Area Optimization : Time (s): cpu = 00:00:14 ; elapsed = 00:00:16 . Memory (MB): peak = 1379.379 ; gain = 535.234 ; free physical = 253 ; free virtual = 5566
---------------------------------------------------------------------------------
Finished Parallel Area Optimization  : Time (s): cpu = 00:00:14 ; elapsed = 00:00:16 . Memory (MB): peak = 1379.379 ; gain = 535.234 ; free physical = 253 ; free virtual = 5566

Report RTL Partitions: 
+-+--------------+------------+----------+
| |RTL Partition |Replication |Instances |
+-+--------------+------------+----------+
+-+--------------+------------+----------+
---------------------------------------------------------------------------------
Start Timing Optimization
---------------------------------------------------------------------------------
---------------------------------------------------------------------------------
Start Applying XDC Timing Constraints
---------------------------------------------------------------------------------
---------------------------------------------------------------------------------
Finished Applying XDC Timing Constraints : Time (s): cpu = 00:00:21 ; elapsed = 00:00:24 . Memory (MB): peak = 1379.379 ; gain = 535.234 ; free physical = 163 ; free virtual = 5476
---------------------------------------------------------------------------------
---------------------------------------------------------------------------------
Finished Timing Optimization : Time (s): cpu = 00:00:21 ; elapsed = 00:00:24 . Memory (MB): peak = 1379.379 ; gain = 535.234 ; free physical = 163 ; free virtual = 5476
---------------------------------------------------------------------------------

Report RTL Partitions: 
+-+--------------+------------+----------+
| |RTL Partition |Replication |Instances |
+-+--------------+------------+----------+
+-+--------------+------------+----------+
---------------------------------------------------------------------------------
Start Technology Mapping
---------------------------------------------------------------------------------
---------------------------------------------------------------------------------
Finished Technology Mapping : Time (s): cpu = 00:00:21 ; elapsed = 00:00:24 . Memory (MB): peak = 1379.379 ; gain = 535.234 ; free physical = 160 ; free virtual = 5473
---------------------------------------------------------------------------------
Finished Parallel Technology Mapping Optimization  : Time (s): cpu = 00:00:21 ; elapsed = 00:00:24 . Memory (MB): peak = 1379.379 ; gain = 535.234 ; free physical = 160 ; free virtual = 5473

Report RTL Partitions: 
+-+--------------+------------+----------+
| |RTL Partition |Replication |Instances |
+-+--------------+------------+----------+
+-+--------------+------------+----------+
Finished Parallel Synthesis Optimization  : Time (s): cpu = 00:00:21 ; elapsed = 00:00:24 . Memory (MB): peak = 1379.379 ; gain = 535.234 ; free physical = 160 ; free virtual = 5473
---------------------------------------------------------------------------------
Start IO Insertion
---------------------------------------------------------------------------------
---------------------------------------------------------------------------------
Start Flattening Before IO Insertion
---------------------------------------------------------------------------------
---------------------------------------------------------------------------------
Finished Flattening Before IO Insertion
---------------------------------------------------------------------------------
---------------------------------------------------------------------------------
Start Final Netlist Cleanup
---------------------------------------------------------------------------------
---------------------------------------------------------------------------------
Finished Final Netlist Cleanup
---------------------------------------------------------------------------------
---------------------------------------------------------------------------------
Finished IO Insertion : Time (s): cpu = 00:00:22 ; elapsed = 00:00:24 . Memory (MB): peak = 1379.379 ; gain = 535.234 ; free physical = 159 ; free virtual = 5472
---------------------------------------------------------------------------------

Report Check Netlist: 
+------+------------------+-------+---------+-------+------------------+
|      |Item              |Errors |Warnings |Status |Description       |
+------+------------------+-------+---------+-------+------------------+
|1     |multi_driven_nets |      0|        0|Passed |Multi driven nets |
+------+------------------+-------+---------+-------+------------------+
---------------------------------------------------------------------------------
Start Renaming Generated Instances
---------------------------------------------------------------------------------
---------------------------------------------------------------------------------
Finished Renaming Generated Instances : Time (s): cpu = 00:00:22 ; elapsed = 00:00:24 . Memory (MB): peak = 1379.379 ; gain = 535.234 ; free physical = 159 ; free virtual = 5472
---------------------------------------------------------------------------------

Report RTL Partitions: 
+-+--------------+------------+----------+
| |RTL Partition |Replication |Instances |
+-+--------------+------------+----------+
+-+--------------+------------+----------+
---------------------------------------------------------------------------------
Start Rebuilding User Hierarchy
---------------------------------------------------------------------------------
---------------------------------------------------------------------------------
Finished Rebuilding User Hierarchy : Time (s): cpu = 00:00:22 ; elapsed = 00:00:24 . Memory (MB): peak = 1379.379 ; gain = 535.234 ; free physical = 159 ; free virtual = 5472
---------------------------------------------------------------------------------
---------------------------------------------------------------------------------
Start Renaming Generated Ports
---------------------------------------------------------------------------------
---------------------------------------------------------------------------------
Finished Renaming Generated Ports : Time (s): cpu = 00:00:22 ; elapsed = 00:00:24 . Memory (MB): peak = 1379.379 ; gain = 535.234 ; free physical = 159 ; free virtual = 5472
---------------------------------------------------------------------------------
---------------------------------------------------------------------------------
Start Handling Custom Attributes
---------------------------------------------------------------------------------
---------------------------------------------------------------------------------
Finished Handling Custom Attributes : Time (s): cpu = 00:00:22 ; elapsed = 00:00:24 . Memory (MB): peak = 1379.379 ; gain = 535.234 ; free physical = 158 ; free virtual = 5471
---------------------------------------------------------------------------------
---------------------------------------------------------------------------------
Start Renaming Generated Nets
---------------------------------------------------------------------------------
---------------------------------------------------------------------------------
Finished Renaming Generated Nets : Time (s): cpu = 00:00:22 ; elapsed = 00:00:24 . Memory (MB): peak = 1379.379 ; gain = 535.234 ; free physical = 155 ; free virtual = 5468
---------------------------------------------------------------------------------
---------------------------------------------------------------------------------
Start Writing Synthesis Report
---------------------------------------------------------------------------------

Report BlackBoxes: 
+-+--------------+----------+
| |BlackBox name |Instances |
+-+--------------+----------+
+-+--------------+----------+

Report Cell Usage: 
+------+----------+------+
|      |Cell      |Count |
+------+----------+------+
|1     |DSP48E1_1 |     1|
+------+----------+------+
---------------------------------------------------------------------------------
Finished Writing Synthesis Report : Time (s): cpu = 00:00:22 ; elapsed = 00:00:24 . Memory (MB): peak = 1379.379 ; gain = 535.234 ; free physical = 158 ; free virtual = 5471
---------------------------------------------------------------------------------
Synthesis finished with 0 errors, 0 critical warnings and 0 warnings.
Synthesis Optimization Runtime : Time (s): cpu = 00:00:17 ; elapsed = 00:00:18 . Memory (MB): peak = 1379.379 ; gain = 108.008 ; free physical = 154 ; free virtual = 5467
Synthesis Optimization Complete : Time (s): cpu = 00:00:22 ; elapsed = 00:00:24 . Memory (MB): peak = 1379.379 ; gain = 535.234 ; free physical = 157 ; free virtual = 5470
INFO: [Project 1-571] Translating synthesized netlist
INFO: [Netlist 29-17] Analyzing 1 Unisim elements for replacement
INFO: [Netlist 29-28] Unisim Transformation completed in 0 CPU seconds
INFO: [Project 1-570] Preparing netlist for logic optimization
Parsing XDC File [/media/sf_D/Projects/RedPitaya/fpga/project/redpitaya.srcs/sources_1/ip/system_identification_outputgain_mult/system_identification_outputgain_mult_ooc.xdc] for cell 'U0'
Finished Parsing XDC File [/media/sf_D/Projects/RedPitaya/fpga/project/redpitaya.srcs/sources_1/ip/system_identification_outputgain_mult/system_identification_outputgain_mult_ooc.xdc] for cell 'U0'
INFO: [Opt 31-138] Pushed 0 inverter(s) to 0 load pin(s).
INFO: [Project 1-111] Unisim Transformation Summary:
No Unisim elements were transformed.

INFO: [Common 17-83] Releasing license: Synthesis
29 Infos, 46 Warnings, 0 Critical Warnings and 0 Errors encountered.
synth_design completed successfully
synth_design: Time (s): cpu = 00:00:21 ; elapsed = 00:00:22 . Memory (MB): peak = 1379.379 ; gain = 460.898 ; free physical = 164 ; free virtual = 5477
INFO: [Coretcl 2-1174] Renamed 3 cell refs.
report_utilization: Time (s): cpu = 00:00:00.03 ; elapsed = 00:00:00.06 . Memory (MB): peak = 1379.379 ; gain = 0.000 ; free physical = 160 ; free virtual = 5472
INFO: [Common 17-206] Exiting Vivado at Sat Aug 13 02:05:58 2016...
