
*** Running vivado
    with args -log pll_18x32_mult_d.vds -m64 -mode batch -messageDb vivado.pb -notrace -source pll_18x32_mult_d.tcl


****** Vivado v2015.4 (64-bit)
  **** SW Build 1412921 on Wed Nov 18 09:43:45 MST 2015
  **** IP Build 1412160 on Tue Nov 17 13:47:24 MST 2015
    ** Copyright 1986-2015 Xilinx, Inc. All Rights Reserved.

source pll_18x32_mult_d.tcl -notrace
INFO: [IP_Flow 19-234] Refreshing IP repositories
INFO: [IP_Flow 19-1704] No user IP repositories specified
INFO: [IP_Flow 19-2313] Loaded Vivado IP repository 'D:/Xilinx/Vivado/2015.4/data/ip'.
WARNING: [IP_Flow 19-3664] IP 'pll_18x32_mult_d' generated file not found 'd:/Users/Alex/Documents/GitHub/Frequency-comb-DPLL/Firmware Vivado Project/redpitaya.srcs/sources_1/ip/pll_18x32_mult_d/pll_18x32_mult_d.dcp'. Please regenerate to continue.
WARNING: [IP_Flow 19-3664] IP 'pll_18x32_mult_d' generated file not found 'd:/Users/Alex/Documents/GitHub/Frequency-comb-DPLL/Firmware Vivado Project/redpitaya.srcs/sources_1/ip/pll_18x32_mult_d/pll_18x32_mult_d_stub.v'. Please regenerate to continue.
WARNING: [IP_Flow 19-3664] IP 'pll_18x32_mult_d' generated file not found 'd:/Users/Alex/Documents/GitHub/Frequency-comb-DPLL/Firmware Vivado Project/redpitaya.srcs/sources_1/ip/pll_18x32_mult_d/pll_18x32_mult_d_stub.vhdl'. Please regenerate to continue.
WARNING: [IP_Flow 19-3664] IP 'pll_18x32_mult_d' generated file not found 'd:/Users/Alex/Documents/GitHub/Frequency-comb-DPLL/Firmware Vivado Project/redpitaya.srcs/sources_1/ip/pll_18x32_mult_d/pll_18x32_mult_d_sim_netlist.v'. Please regenerate to continue.
WARNING: [IP_Flow 19-3664] IP 'pll_18x32_mult_d' generated file not found 'd:/Users/Alex/Documents/GitHub/Frequency-comb-DPLL/Firmware Vivado Project/redpitaya.srcs/sources_1/ip/pll_18x32_mult_d/pll_18x32_mult_d_sim_netlist.vhdl'. Please regenerate to continue.
Command: synth_design -top pll_18x32_mult_d -part xc7z010clg400-1 -mode out_of_context
Starting synth_design
Attempting to get a license for feature 'Synthesis' and/or device 'xc7z010'
INFO: [Common 17-349] Got license for feature 'Synthesis' and/or device 'xc7z010'
---------------------------------------------------------------------------------
Starting RTL Elaboration : Time (s): cpu = 00:00:08 ; elapsed = 00:00:18 . Memory (MB): peak = 302.457 ; gain = 131.262
---------------------------------------------------------------------------------
INFO: [Synth 8-638] synthesizing module 'pll_18x32_mult_d' [d:/Users/Alex/Documents/GitHub/Frequency-comb-DPLL/Firmware Vivado Project/redpitaya.srcs/sources_1/ip/pll_18x32_mult_d/synth/pll_18x32_mult_d.vhd:69]
WARNING: [Synth 8-5640] Port 'zero_detect' is missing in component declaration [d:/Users/Alex/Documents/GitHub/Frequency-comb-DPLL/Firmware Vivado Project/redpitaya.srcs/sources_1/ip/pll_18x32_mult_d/synth/pll_18x32_mult_d.vhd:73]
WARNING: [Synth 8-5640] Port 'pcasc' is missing in component declaration [d:/Users/Alex/Documents/GitHub/Frequency-comb-DPLL/Firmware Vivado Project/redpitaya.srcs/sources_1/ip/pll_18x32_mult_d/synth/pll_18x32_mult_d.vhd:73]
INFO: [Synth 8-3491] module 'mult_gen_v12_0_10' declared at 'd:/Users/Alex/Documents/GitHub/Frequency-comb-DPLL/Firmware Vivado Project/redpitaya.srcs/sources_1/ip/pll_18x32_mult_d/mult_gen_v12_0_10/hdl/mult_gen_v12_0.vhd:116' bound to instance 'U0' of component 'mult_gen_v12_0_10' [d:/Users/Alex/Documents/GitHub/Frequency-comb-DPLL/Firmware Vivado Project/redpitaya.srcs/sources_1/ip/pll_18x32_mult_d/synth/pll_18x32_mult_d.vhd:118]
INFO: [Synth 8-638] synthesizing module 'mult_gen_v12_0_10' [d:/Users/Alex/Documents/GitHub/Frequency-comb-DPLL/Firmware Vivado Project/redpitaya.srcs/sources_1/ip/pll_18x32_mult_d/mult_gen_v12_0_10/hdl/mult_gen_v12_0.vhd:155]
INFO: [Synth 8-3491] module 'mult_gen_v12_0_10_viv' declared at 'd:/Users/Alex/Documents/GitHub/Frequency-comb-DPLL/Firmware Vivado Project/redpitaya.srcs/sources_1/ip/pll_18x32_mult_d/mult_gen_v12_0_10/hdl/mult_gen_v12_0_vh_rfs.vhd:20732' bound to instance 'i_mult' of component 'mult_gen_v12_0_10_viv' [d:/Users/Alex/Documents/GitHub/Frequency-comb-DPLL/Firmware Vivado Project/redpitaya.srcs/sources_1/ip/pll_18x32_mult_d/mult_gen_v12_0_10/hdl/mult_gen_v12_0.vhd:161]
INFO: [Synth 8-638] synthesizing module 'mult_gen_v12_0_10_viv' [d:/Users/Alex/Documents/GitHub/Frequency-comb-DPLL/Firmware Vivado Project/redpitaya.srcs/sources_1/ip/pll_18x32_mult_d/mult_gen_v12_0_10/hdl/mult_gen_v12_0_vh_rfs.vhd:20781]
WARNING: [Synth 8-312] ignoring unsynthesizable construct: assertion statement [d:/Users/Alex/Documents/GitHub/Frequency-comb-DPLL/Firmware Vivado Project/redpitaya.srcs/sources_1/ip/pll_18x32_mult_d/mult_gen_v12_0_10/hdl/mult_gen_v12_0_vh_rfs.vhd:862]
WARNING: [Synth 8-312] ignoring unsynthesizable construct: assertion statement [d:/Users/Alex/Documents/GitHub/Frequency-comb-DPLL/Firmware Vivado Project/redpitaya.srcs/sources_1/ip/pll_18x32_mult_d/mult_gen_v12_0_10/hdl/mult_gen_v12_0_vh_rfs.vhd:863]
WARNING: [Synth 8-312] ignoring unsynthesizable construct: assertion statement [d:/Users/Alex/Documents/GitHub/Frequency-comb-DPLL/Firmware Vivado Project/redpitaya.srcs/sources_1/ip/pll_18x32_mult_d/mult_gen_v12_0_10/hdl/mult_gen_v12_0_vh_rfs.vhd:870]
WARNING: [Synth 8-312] ignoring unsynthesizable construct: assertion statement [d:/Users/Alex/Documents/GitHub/Frequency-comb-DPLL/Firmware Vivado Project/redpitaya.srcs/sources_1/ip/pll_18x32_mult_d/mult_gen_v12_0_10/hdl/mult_gen_v12_0_vh_rfs.vhd:884]
WARNING: [Synth 8-312] ignoring unsynthesizable construct: assertion statement [d:/Users/Alex/Documents/GitHub/Frequency-comb-DPLL/Firmware Vivado Project/redpitaya.srcs/sources_1/ip/pll_18x32_mult_d/mult_gen_v12_0_10/hdl/mult_gen_v12_0_vh_rfs.vhd:891]
WARNING: [Synth 8-312] ignoring unsynthesizable construct: assertion statement [d:/Users/Alex/Documents/GitHub/Frequency-comb-DPLL/Firmware Vivado Project/redpitaya.srcs/sources_1/ip/pll_18x32_mult_d/mult_gen_v12_0_10/hdl/mult_gen_v12_0_vh_rfs.vhd:901]
WARNING: [Synth 8-312] ignoring unsynthesizable construct: assertion statement [d:/Users/Alex/Documents/GitHub/Frequency-comb-DPLL/Firmware Vivado Project/redpitaya.srcs/sources_1/ip/pll_18x32_mult_d/mult_gen_v12_0_10/hdl/mult_gen_v12_0_vh_rfs.vhd:910]
WARNING: [Synth 8-312] ignoring unsynthesizable construct: assertion statement [d:/Users/Alex/Documents/GitHub/Frequency-comb-DPLL/Firmware Vivado Project/redpitaya.srcs/sources_1/ip/pll_18x32_mult_d/mult_gen_v12_0_10/hdl/mult_gen_v12_0_vh_rfs.vhd:932]
WARNING: [Synth 8-312] ignoring unsynthesizable construct: assertion statement [d:/Users/Alex/Documents/GitHub/Frequency-comb-DPLL/Firmware Vivado Project/redpitaya.srcs/sources_1/ip/pll_18x32_mult_d/mult_gen_v12_0_10/hdl/mult_gen_v12_0_vh_rfs.vhd:939]
INFO: [Synth 8-638] synthesizing module 'dsp' [d:/Users/Alex/Documents/GitHub/Frequency-comb-DPLL/Firmware Vivado Project/redpitaya.srcs/sources_1/ip/pll_18x32_mult_d/mult_gen_v12_0_10/hdl/mult_gen_v12_0_vh_rfs.vhd:9916]
WARNING: [Synth 8-312] ignoring unsynthesizable construct: assertion statement [d:/Users/Alex/Documents/GitHub/Frequency-comb-DPLL/Firmware Vivado Project/redpitaya.srcs/sources_1/ip/pll_18x32_mult_d/mult_gen_v12_0_10/hdl/mult_gen_v12_0_vh_rfs.vhd:1374]
WARNING: [Synth 8-312] ignoring unsynthesizable construct: assertion statement [d:/Users/Alex/Documents/GitHub/Frequency-comb-DPLL/Firmware Vivado Project/redpitaya.srcs/sources_1/ip/pll_18x32_mult_d/mult_gen_v12_0_10/hdl/mult_gen_v12_0_vh_rfs.vhd:1466]
WARNING: [Synth 8-312] ignoring unsynthesizable construct: assertion statement [d:/Users/Alex/Documents/GitHub/Frequency-comb-DPLL/Firmware Vivado Project/redpitaya.srcs/sources_1/ip/pll_18x32_mult_d/mult_gen_v12_0_10/hdl/mult_gen_v12_0_vh_rfs.vhd:1467]
WARNING: [Synth 8-312] ignoring unsynthesizable construct: assertion statement [d:/Users/Alex/Documents/GitHub/Frequency-comb-DPLL/Firmware Vivado Project/redpitaya.srcs/sources_1/ip/pll_18x32_mult_d/mult_gen_v12_0_10/hdl/mult_gen_v12_0_vh_rfs.vhd:1469]
WARNING: [Synth 8-312] ignoring unsynthesizable construct: assertion statement [d:/Users/Alex/Documents/GitHub/Frequency-comb-DPLL/Firmware Vivado Project/redpitaya.srcs/sources_1/ip/pll_18x32_mult_d/mult_gen_v12_0_10/hdl/mult_gen_v12_0_vh_rfs.vhd:1470]
WARNING: [Synth 8-312] ignoring unsynthesizable construct: assertion statement [d:/Users/Alex/Documents/GitHub/Frequency-comb-DPLL/Firmware Vivado Project/redpitaya.srcs/sources_1/ip/pll_18x32_mult_d/mult_gen_v12_0_10/hdl/mult_gen_v12_0_vh_rfs.vhd:1484]
WARNING: [Synth 8-312] ignoring unsynthesizable construct: assertion statement [d:/Users/Alex/Documents/GitHub/Frequency-comb-DPLL/Firmware Vivado Project/redpitaya.srcs/sources_1/ip/pll_18x32_mult_d/mult_gen_v12_0_10/hdl/mult_gen_v12_0_vh_rfs.vhd:1485]
WARNING: [Synth 8-312] ignoring unsynthesizable construct: assertion statement [d:/Users/Alex/Documents/GitHub/Frequency-comb-DPLL/Firmware Vivado Project/redpitaya.srcs/sources_1/ip/pll_18x32_mult_d/mult_gen_v12_0_10/hdl/mult_gen_v12_0_vh_rfs.vhd:1487]
WARNING: [Synth 8-312] ignoring unsynthesizable construct: assertion statement [d:/Users/Alex/Documents/GitHub/Frequency-comb-DPLL/Firmware Vivado Project/redpitaya.srcs/sources_1/ip/pll_18x32_mult_d/mult_gen_v12_0_10/hdl/mult_gen_v12_0_vh_rfs.vhd:1488]
WARNING: [Synth 8-312] ignoring unsynthesizable construct: assertion statement [d:/Users/Alex/Documents/GitHub/Frequency-comb-DPLL/Firmware Vivado Project/redpitaya.srcs/sources_1/ip/pll_18x32_mult_d/mult_gen_v12_0_10/hdl/mult_gen_v12_0_vh_rfs.vhd:1466]
WARNING: [Synth 8-312] ignoring unsynthesizable construct: assertion statement [d:/Users/Alex/Documents/GitHub/Frequency-comb-DPLL/Firmware Vivado Project/redpitaya.srcs/sources_1/ip/pll_18x32_mult_d/mult_gen_v12_0_10/hdl/mult_gen_v12_0_vh_rfs.vhd:1467]
WARNING: [Synth 8-312] ignoring unsynthesizable construct: assertion statement [d:/Users/Alex/Documents/GitHub/Frequency-comb-DPLL/Firmware Vivado Project/redpitaya.srcs/sources_1/ip/pll_18x32_mult_d/mult_gen_v12_0_10/hdl/mult_gen_v12_0_vh_rfs.vhd:1469]
WARNING: [Synth 8-312] ignoring unsynthesizable construct: assertion statement [d:/Users/Alex/Documents/GitHub/Frequency-comb-DPLL/Firmware Vivado Project/redpitaya.srcs/sources_1/ip/pll_18x32_mult_d/mult_gen_v12_0_10/hdl/mult_gen_v12_0_vh_rfs.vhd:1470]
WARNING: [Synth 8-312] ignoring unsynthesizable construct: assertion statement [d:/Users/Alex/Documents/GitHub/Frequency-comb-DPLL/Firmware Vivado Project/redpitaya.srcs/sources_1/ip/pll_18x32_mult_d/mult_gen_v12_0_10/hdl/mult_gen_v12_0_vh_rfs.vhd:1484]
WARNING: [Synth 8-312] ignoring unsynthesizable construct: assertion statement [d:/Users/Alex/Documents/GitHub/Frequency-comb-DPLL/Firmware Vivado Project/redpitaya.srcs/sources_1/ip/pll_18x32_mult_d/mult_gen_v12_0_10/hdl/mult_gen_v12_0_vh_rfs.vhd:1485]
WARNING: [Synth 8-312] ignoring unsynthesizable construct: assertion statement [d:/Users/Alex/Documents/GitHub/Frequency-comb-DPLL/Firmware Vivado Project/redpitaya.srcs/sources_1/ip/pll_18x32_mult_d/mult_gen_v12_0_10/hdl/mult_gen_v12_0_vh_rfs.vhd:1487]
WARNING: [Synth 8-312] ignoring unsynthesizable construct: assertion statement [d:/Users/Alex/Documents/GitHub/Frequency-comb-DPLL/Firmware Vivado Project/redpitaya.srcs/sources_1/ip/pll_18x32_mult_d/mult_gen_v12_0_10/hdl/mult_gen_v12_0_vh_rfs.vhd:1488]
WARNING: [Synth 8-312] ignoring unsynthesizable construct: assertion statement [d:/Users/Alex/Documents/GitHub/Frequency-comb-DPLL/Firmware Vivado Project/redpitaya.srcs/sources_1/ip/pll_18x32_mult_d/mult_gen_v12_0_10/hdl/mult_gen_v12_0_vh_rfs.vhd:1399]
WARNING: [Synth 8-312] ignoring unsynthesizable construct: assertion statement [d:/Users/Alex/Documents/GitHub/Frequency-comb-DPLL/Firmware Vivado Project/redpitaya.srcs/sources_1/ip/pll_18x32_mult_d/mult_gen_v12_0_10/hdl/mult_gen_v12_0_vh_rfs.vhd:1400]
WARNING: [Synth 8-312] ignoring unsynthesizable construct: assertion statement [d:/Users/Alex/Documents/GitHub/Frequency-comb-DPLL/Firmware Vivado Project/redpitaya.srcs/sources_1/ip/pll_18x32_mult_d/mult_gen_v12_0_10/hdl/mult_gen_v12_0_vh_rfs.vhd:1450]
WARNING: [Synth 8-312] ignoring unsynthesizable construct: assertion statement [d:/Users/Alex/Documents/GitHub/Frequency-comb-DPLL/Firmware Vivado Project/redpitaya.srcs/sources_1/ip/pll_18x32_mult_d/mult_gen_v12_0_10/hdl/mult_gen_v12_0_vh_rfs.vhd:1466]
WARNING: [Synth 8-312] ignoring unsynthesizable construct: assertion statement [d:/Users/Alex/Documents/GitHub/Frequency-comb-DPLL/Firmware Vivado Project/redpitaya.srcs/sources_1/ip/pll_18x32_mult_d/mult_gen_v12_0_10/hdl/mult_gen_v12_0_vh_rfs.vhd:1467]
WARNING: [Synth 8-312] ignoring unsynthesizable construct: assertion statement [d:/Users/Alex/Documents/GitHub/Frequency-comb-DPLL/Firmware Vivado Project/redpitaya.srcs/sources_1/ip/pll_18x32_mult_d/mult_gen_v12_0_10/hdl/mult_gen_v12_0_vh_rfs.vhd:1469]
WARNING: [Synth 8-312] ignoring unsynthesizable construct: assertion statement [d:/Users/Alex/Documents/GitHub/Frequency-comb-DPLL/Firmware Vivado Project/redpitaya.srcs/sources_1/ip/pll_18x32_mult_d/mult_gen_v12_0_10/hdl/mult_gen_v12_0_vh_rfs.vhd:1470]
WARNING: [Synth 8-312] ignoring unsynthesizable construct: assertion statement [d:/Users/Alex/Documents/GitHub/Frequency-comb-DPLL/Firmware Vivado Project/redpitaya.srcs/sources_1/ip/pll_18x32_mult_d/mult_gen_v12_0_10/hdl/mult_gen_v12_0_vh_rfs.vhd:1484]
WARNING: [Synth 8-312] ignoring unsynthesizable construct: assertion statement [d:/Users/Alex/Documents/GitHub/Frequency-comb-DPLL/Firmware Vivado Project/redpitaya.srcs/sources_1/ip/pll_18x32_mult_d/mult_gen_v12_0_10/hdl/mult_gen_v12_0_vh_rfs.vhd:1485]
WARNING: [Synth 8-312] ignoring unsynthesizable construct: assertion statement [d:/Users/Alex/Documents/GitHub/Frequency-comb-DPLL/Firmware Vivado Project/redpitaya.srcs/sources_1/ip/pll_18x32_mult_d/mult_gen_v12_0_10/hdl/mult_gen_v12_0_vh_rfs.vhd:1487]
WARNING: [Synth 8-312] ignoring unsynthesizable construct: assertion statement [d:/Users/Alex/Documents/GitHub/Frequency-comb-DPLL/Firmware Vivado Project/redpitaya.srcs/sources_1/ip/pll_18x32_mult_d/mult_gen_v12_0_10/hdl/mult_gen_v12_0_vh_rfs.vhd:1488]
WARNING: [Synth 8-312] ignoring unsynthesizable construct: assertion statement [d:/Users/Alex/Documents/GitHub/Frequency-comb-DPLL/Firmware Vivado Project/redpitaya.srcs/sources_1/ip/pll_18x32_mult_d/mult_gen_v12_0_10/hdl/mult_gen_v12_0_vh_rfs.vhd:8892]
WARNING: [Synth 8-312] ignoring unsynthesizable construct: assertion statement [d:/Users/Alex/Documents/GitHub/Frequency-comb-DPLL/Firmware Vivado Project/redpitaya.srcs/sources_1/ip/pll_18x32_mult_d/mult_gen_v12_0_10/hdl/mult_gen_v12_0_vh_rfs.vhd:8913]
INFO: [Synth 8-638] synthesizing module 'op_resize' [d:/Users/Alex/Documents/GitHub/Frequency-comb-DPLL/Firmware Vivado Project/redpitaya.srcs/sources_1/ip/pll_18x32_mult_d/mult_gen_v12_0_10/hdl/mult_gen_v12_0_vh_rfs.vhd:4028]
INFO: [Synth 8-256] done synthesizing module 'op_resize' (1#1) [d:/Users/Alex/Documents/GitHub/Frequency-comb-DPLL/Firmware Vivado Project/redpitaya.srcs/sources_1/ip/pll_18x32_mult_d/mult_gen_v12_0_10/hdl/mult_gen_v12_0_vh_rfs.vhd:4028]
INFO: [Synth 8-638] synthesizing module 'delay_line' [d:/Users/Alex/Documents/GitHub/Frequency-comb-DPLL/Firmware Vivado Project/redpitaya.srcs/sources_1/ip/pll_18x32_mult_d/mult_gen_v12_0_10/hdl/mult_gen_v12_0_vh_rfs.vhd:4160]
INFO: [Synth 8-256] done synthesizing module 'delay_line' (2#1) [d:/Users/Alex/Documents/GitHub/Frequency-comb-DPLL/Firmware Vivado Project/redpitaya.srcs/sources_1/ip/pll_18x32_mult_d/mult_gen_v12_0_10/hdl/mult_gen_v12_0_vh_rfs.vhd:4160]
INFO: [Synth 8-638] synthesizing module 'delay_line__parameterized0' [d:/Users/Alex/Documents/GitHub/Frequency-comb-DPLL/Firmware Vivado Project/redpitaya.srcs/sources_1/ip/pll_18x32_mult_d/mult_gen_v12_0_10/hdl/mult_gen_v12_0_vh_rfs.vhd:4160]
INFO: [Synth 8-256] done synthesizing module 'delay_line__parameterized0' (2#1) [d:/Users/Alex/Documents/GitHub/Frequency-comb-DPLL/Firmware Vivado Project/redpitaya.srcs/sources_1/ip/pll_18x32_mult_d/mult_gen_v12_0_10/hdl/mult_gen_v12_0_vh_rfs.vhd:4160]
INFO: [Synth 8-638] synthesizing module 'delay_line__parameterized1' [d:/Users/Alex/Documents/GitHub/Frequency-comb-DPLL/Firmware Vivado Project/redpitaya.srcs/sources_1/ip/pll_18x32_mult_d/mult_gen_v12_0_10/hdl/mult_gen_v12_0_vh_rfs.vhd:4160]
INFO: [Synth 8-256] done synthesizing module 'delay_line__parameterized1' (2#1) [d:/Users/Alex/Documents/GitHub/Frequency-comb-DPLL/Firmware Vivado Project/redpitaya.srcs/sources_1/ip/pll_18x32_mult_d/mult_gen_v12_0_10/hdl/mult_gen_v12_0_vh_rfs.vhd:4160]
INFO: [Synth 8-638] synthesizing module 'delay_line__parameterized2' [d:/Users/Alex/Documents/GitHub/Frequency-comb-DPLL/Firmware Vivado Project/redpitaya.srcs/sources_1/ip/pll_18x32_mult_d/mult_gen_v12_0_10/hdl/mult_gen_v12_0_vh_rfs.vhd:4160]
INFO: [Synth 8-256] done synthesizing module 'delay_line__parameterized2' (2#1) [d:/Users/Alex/Documents/GitHub/Frequency-comb-DPLL/Firmware Vivado Project/redpitaya.srcs/sources_1/ip/pll_18x32_mult_d/mult_gen_v12_0_10/hdl/mult_gen_v12_0_vh_rfs.vhd:4160]
INFO: [Synth 8-113] binding component instance 'iDSP48E1' to cell 'DSP48E1' [d:/Users/Alex/Documents/GitHub/Frequency-comb-DPLL/Firmware Vivado Project/redpitaya.srcs/sources_1/ip/pll_18x32_mult_d/mult_gen_v12_0_10/hdl/mult_gen_v12_0_vh_rfs.vhd:11052]
INFO: [Synth 8-638] synthesizing module 'delay_line__parameterized3' [d:/Users/Alex/Documents/GitHub/Frequency-comb-DPLL/Firmware Vivado Project/redpitaya.srcs/sources_1/ip/pll_18x32_mult_d/mult_gen_v12_0_10/hdl/mult_gen_v12_0_vh_rfs.vhd:4160]
INFO: [Synth 8-5534] Detected attribute (* shreg_extract = "yes" *) [d:/Users/Alex/Documents/GitHub/Frequency-comb-DPLL/Firmware Vivado Project/redpitaya.srcs/sources_1/ip/pll_18x32_mult_d/mult_gen_v12_0_10/hdl/mult_gen_v12_0_vh_rfs.vhd:4385]
INFO: [Synth 8-256] done synthesizing module 'delay_line__parameterized3' (2#1) [d:/Users/Alex/Documents/GitHub/Frequency-comb-DPLL/Firmware Vivado Project/redpitaya.srcs/sources_1/ip/pll_18x32_mult_d/mult_gen_v12_0_10/hdl/mult_gen_v12_0_vh_rfs.vhd:4160]
INFO: [Synth 8-113] binding component instance 'iDSP48E1' to cell 'DSP48E1' [d:/Users/Alex/Documents/GitHub/Frequency-comb-DPLL/Firmware Vivado Project/redpitaya.srcs/sources_1/ip/pll_18x32_mult_d/mult_gen_v12_0_10/hdl/mult_gen_v12_0_vh_rfs.vhd:11052]
INFO: [Synth 8-638] synthesizing module 'delay_line__parameterized4' [d:/Users/Alex/Documents/GitHub/Frequency-comb-DPLL/Firmware Vivado Project/redpitaya.srcs/sources_1/ip/pll_18x32_mult_d/mult_gen_v12_0_10/hdl/mult_gen_v12_0_vh_rfs.vhd:4160]
INFO: [Synth 8-256] done synthesizing module 'delay_line__parameterized4' (2#1) [d:/Users/Alex/Documents/GitHub/Frequency-comb-DPLL/Firmware Vivado Project/redpitaya.srcs/sources_1/ip/pll_18x32_mult_d/mult_gen_v12_0_10/hdl/mult_gen_v12_0_vh_rfs.vhd:4160]
INFO: [Synth 8-256] done synthesizing module 'dsp' (3#1) [d:/Users/Alex/Documents/GitHub/Frequency-comb-DPLL/Firmware Vivado Project/redpitaya.srcs/sources_1/ip/pll_18x32_mult_d/mult_gen_v12_0_10/hdl/mult_gen_v12_0_vh_rfs.vhd:9916]
INFO: [Synth 8-256] done synthesizing module 'mult_gen_v12_0_10_viv' (4#1) [d:/Users/Alex/Documents/GitHub/Frequency-comb-DPLL/Firmware Vivado Project/redpitaya.srcs/sources_1/ip/pll_18x32_mult_d/mult_gen_v12_0_10/hdl/mult_gen_v12_0_vh_rfs.vhd:20781]
INFO: [Synth 8-256] done synthesizing module 'mult_gen_v12_0_10' (5#1) [d:/Users/Alex/Documents/GitHub/Frequency-comb-DPLL/Firmware Vivado Project/redpitaya.srcs/sources_1/ip/pll_18x32_mult_d/mult_gen_v12_0_10/hdl/mult_gen_v12_0.vhd:155]
INFO: [Synth 8-256] done synthesizing module 'pll_18x32_mult_d' (6#1) [d:/Users/Alex/Documents/GitHub/Frequency-comb-DPLL/Firmware Vivado Project/redpitaya.srcs/sources_1/ip/pll_18x32_mult_d/synth/pll_18x32_mult_d.vhd:69]
---------------------------------------------------------------------------------
Finished RTL Elaboration : Time (s): cpu = 00:00:19 ; elapsed = 00:00:29 . Memory (MB): peak = 346.164 ; gain = 174.969
---------------------------------------------------------------------------------

Report Check Netlist: 
+------+------------------+-------+---------+-------+------------------+
|      |Item              |Errors |Warnings |Status |Description       |
+------+------------------+-------+---------+-------+------------------+
|1     |multi_driven_nets |      0|        0|Passed |Multi driven nets |
+------+------------------+-------+---------+-------+------------------+
---------------------------------------------------------------------------------
Finished RTL Optimization Phase 1 : Time (s): cpu = 00:00:19 ; elapsed = 00:00:29 . Memory (MB): peak = 346.164 ; gain = 174.969
---------------------------------------------------------------------------------
INFO: [Netlist 29-17] Analyzing 2 Unisim elements for replacement
INFO: [Netlist 29-28] Unisim Transformation completed in 0 CPU seconds
INFO: [Device 21-403] Loading part xc7z010clg400-1
INFO: [Project 1-570] Preparing netlist for logic optimization

Processing XDC Constraints
Initializing timing engine
Parsing XDC File [d:/Users/Alex/Documents/GitHub/Frequency-comb-DPLL/Firmware Vivado Project/redpitaya.srcs/sources_1/ip/pll_18x32_mult_d/pll_18x32_mult_d_ooc.xdc] for cell 'U0'
Finished Parsing XDC File [d:/Users/Alex/Documents/GitHub/Frequency-comb-DPLL/Firmware Vivado Project/redpitaya.srcs/sources_1/ip/pll_18x32_mult_d/pll_18x32_mult_d_ooc.xdc] for cell 'U0'
Parsing XDC File [D:/Users/Alex/Documents/GitHub/Frequency-comb-DPLL/Firmware Vivado Project/redpitaya.runs/pll_18x32_mult_d_synth_1/dont_touch.xdc]
Finished Parsing XDC File [D:/Users/Alex/Documents/GitHub/Frequency-comb-DPLL/Firmware Vivado Project/redpitaya.runs/pll_18x32_mult_d_synth_1/dont_touch.xdc]
Completed Processing XDC Constraints

INFO: [Project 1-111] Unisim Transformation Summary:
No Unisim elements were transformed.

Constraint Validation Runtime : Time (s): cpu = 00:00:00 ; elapsed = 00:00:00.148 . Memory (MB): peak = 553.563 ; gain = 0.000
---------------------------------------------------------------------------------
Finished Constraint Validation : Time (s): cpu = 00:00:26 ; elapsed = 00:00:45 . Memory (MB): peak = 553.563 ; gain = 382.367
---------------------------------------------------------------------------------
---------------------------------------------------------------------------------
Start Loading Part and Timing Information
---------------------------------------------------------------------------------
Loading part: xc7z010clg400-1
---------------------------------------------------------------------------------
Finished Loading Part and Timing Information : Time (s): cpu = 00:00:26 ; elapsed = 00:00:45 . Memory (MB): peak = 553.563 ; gain = 382.367
---------------------------------------------------------------------------------
---------------------------------------------------------------------------------
Start Applying 'set_property' XDC Constraints
---------------------------------------------------------------------------------
Applied set_property DONT_TOUCH = true for U0. (constraint file  auto generated constraint, line ).
---------------------------------------------------------------------------------
Finished applying 'set_property' XDC Constraints : Time (s): cpu = 00:00:26 ; elapsed = 00:00:45 . Memory (MB): peak = 553.563 ; gain = 382.367
---------------------------------------------------------------------------------
---------------------------------------------------------------------------------
Finished RTL Optimization Phase 2 : Time (s): cpu = 00:00:27 ; elapsed = 00:00:45 . Memory (MB): peak = 553.563 ; gain = 382.367
---------------------------------------------------------------------------------

Report RTL Partitions: 
+-+--------------+------------+----------+
| |RTL Partition |Replication |Instances |
+-+--------------+------------+----------+
+-+--------------+------------+----------+
---------------------------------------------------------------------------------
Start RTL Component Statistics 
---------------------------------------------------------------------------------
---------------------------------------------------------------------------------
Finished RTL Component Statistics 
---------------------------------------------------------------------------------
---------------------------------------------------------------------------------
Start RTL Hierarchical Component Statistics 
---------------------------------------------------------------------------------
---------------------------------------------------------------------------------
Finished RTL Hierarchical Component Statistics
---------------------------------------------------------------------------------
---------------------------------------------------------------------------------
Start Part Resource Summary
---------------------------------------------------------------------------------
Part Resources:
DSPs: 80 (col length:40)
BRAMs: 120 (col length: RAMB18 40 RAMB36 20)
---------------------------------------------------------------------------------
Finished Part Resource Summary
---------------------------------------------------------------------------------
Start Parallel Synthesis Optimization  : Time (s): cpu = 00:00:27 ; elapsed = 00:00:45 . Memory (MB): peak = 553.563 ; gain = 382.367
---------------------------------------------------------------------------------
Start Cross Boundary Optimization
---------------------------------------------------------------------------------
---------------------------------------------------------------------------------
Finished Cross Boundary Optimization : Time (s): cpu = 00:00:27 ; elapsed = 00:00:45 . Memory (MB): peak = 553.563 ; gain = 382.367
---------------------------------------------------------------------------------
Finished Parallel Reinference  : Time (s): cpu = 00:00:27 ; elapsed = 00:00:45 . Memory (MB): peak = 553.563 ; gain = 382.367

Report RTL Partitions: 
+-+--------------+------------+----------+
| |RTL Partition |Replication |Instances |
+-+--------------+------------+----------+
+-+--------------+------------+----------+
---------------------------------------------------------------------------------
Start Area Optimization
---------------------------------------------------------------------------------
INFO: [Synth 8-3332] Sequential element (\gDSP.gDSP_only.iDSP/use_prim.appDSP48[0].bppDSP48[1].need_output_delay.output_delay/dN.std_srl.shift_reg_reg[0][42] ) is unused and will be removed from module mult_gen_v12_0_10_viv.
INFO: [Synth 8-3332] Sequential element (\gDSP.gDSP_only.iDSP/use_prim.appDSP48[0].bppDSP48[1].need_output_delay.output_delay/dN.std_srl.shift_reg_reg[0][41] ) is unused and will be removed from module mult_gen_v12_0_10_viv.
INFO: [Synth 8-3332] Sequential element (\gDSP.gDSP_only.iDSP/use_prim.appDSP48[0].bppDSP48[1].need_output_delay.output_delay/dN.std_srl.shift_reg_reg[0][40] ) is unused and will be removed from module mult_gen_v12_0_10_viv.
INFO: [Synth 8-3332] Sequential element (\gDSP.gDSP_only.iDSP/use_prim.appDSP48[0].bppDSP48[1].need_output_delay.output_delay/dN.std_srl.shift_reg_reg[0][39] ) is unused and will be removed from module mult_gen_v12_0_10_viv.
INFO: [Synth 8-3332] Sequential element (\gDSP.gDSP_only.iDSP/use_prim.appDSP48[0].bppDSP48[1].need_output_delay.output_delay/dN.std_srl.shift_reg_reg[0][38] ) is unused and will be removed from module mult_gen_v12_0_10_viv.
INFO: [Synth 8-3332] Sequential element (\gDSP.gDSP_only.iDSP/use_prim.appDSP48[0].bppDSP48[1].need_output_delay.output_delay/dN.std_srl.shift_reg_reg[0][37] ) is unused and will be removed from module mult_gen_v12_0_10_viv.
INFO: [Synth 8-3332] Sequential element (\gDSP.gDSP_only.iDSP/use_prim.appDSP48[0].bppDSP48[1].need_output_delay.output_delay/dN.std_srl.shift_reg_reg[0][36] ) is unused and will be removed from module mult_gen_v12_0_10_viv.
INFO: [Synth 8-3332] Sequential element (\gDSP.gDSP_only.iDSP/use_prim.appDSP48[0].bppDSP48[1].need_output_delay.output_delay/dN.std_srl.shift_reg_reg[0][35] ) is unused and will be removed from module mult_gen_v12_0_10_viv.
INFO: [Synth 8-3332] Sequential element (\gDSP.gDSP_only.iDSP/use_prim.appDSP48[0].bppDSP48[1].need_output_delay.output_delay/dN.std_srl.shift_reg_reg[0][34] ) is unused and will be removed from module mult_gen_v12_0_10_viv.
INFO: [Synth 8-3332] Sequential element (\gDSP.gDSP_only.iDSP/use_prim.appDSP48[0].bppDSP48[1].need_output_delay.output_delay/dN.std_srl.shift_reg_reg[0][33] ) is unused and will be removed from module mult_gen_v12_0_10_viv.
INFO: [Synth 8-3332] Sequential element (\gDSP.gDSP_only.iDSP/use_prim.appDSP48[0].bppDSP48[1].need_output_delay.output_delay/dN.std_srl.shift_reg_reg[1][42] ) is unused and will be removed from module mult_gen_v12_0_10_viv.
INFO: [Synth 8-3332] Sequential element (\gDSP.gDSP_only.iDSP/use_prim.appDSP48[0].bppDSP48[1].need_output_delay.output_delay/dN.std_srl.shift_reg_reg[1][41] ) is unused and will be removed from module mult_gen_v12_0_10_viv.
INFO: [Synth 8-3332] Sequential element (\gDSP.gDSP_only.iDSP/use_prim.appDSP48[0].bppDSP48[1].need_output_delay.output_delay/dN.std_srl.shift_reg_reg[1][40] ) is unused and will be removed from module mult_gen_v12_0_10_viv.
INFO: [Synth 8-3332] Sequential element (\gDSP.gDSP_only.iDSP/use_prim.appDSP48[0].bppDSP48[1].need_output_delay.output_delay/dN.std_srl.shift_reg_reg[1][39] ) is unused and will be removed from module mult_gen_v12_0_10_viv.
INFO: [Synth 8-3332] Sequential element (\gDSP.gDSP_only.iDSP/use_prim.appDSP48[0].bppDSP48[1].need_output_delay.output_delay/dN.std_srl.shift_reg_reg[1][38] ) is unused and will be removed from module mult_gen_v12_0_10_viv.
INFO: [Synth 8-3332] Sequential element (\gDSP.gDSP_only.iDSP/use_prim.appDSP48[0].bppDSP48[1].need_output_delay.output_delay/dN.std_srl.shift_reg_reg[1][37] ) is unused and will be removed from module mult_gen_v12_0_10_viv.
INFO: [Synth 8-3332] Sequential element (\gDSP.gDSP_only.iDSP/use_prim.appDSP48[0].bppDSP48[1].need_output_delay.output_delay/dN.std_srl.shift_reg_reg[1][36] ) is unused and will be removed from module mult_gen_v12_0_10_viv.
INFO: [Synth 8-3332] Sequential element (\gDSP.gDSP_only.iDSP/use_prim.appDSP48[0].bppDSP48[1].need_output_delay.output_delay/dN.std_srl.shift_reg_reg[1][35] ) is unused and will be removed from module mult_gen_v12_0_10_viv.
INFO: [Synth 8-3332] Sequential element (\gDSP.gDSP_only.iDSP/use_prim.appDSP48[0].bppDSP48[1].need_output_delay.output_delay/dN.std_srl.shift_reg_reg[1][34] ) is unused and will be removed from module mult_gen_v12_0_10_viv.
INFO: [Synth 8-3332] Sequential element (\gDSP.gDSP_only.iDSP/use_prim.appDSP48[0].bppDSP48[1].need_output_delay.output_delay/dN.std_srl.shift_reg_reg[1][33] ) is unused and will be removed from module mult_gen_v12_0_10_viv.
INFO: [Synth 8-3332] Sequential element (\gDSP.gDSP_only.iDSP/use_prim.appDSP48[0].bppDSP48[1].need_output_delay.output_delay/dN.std_srl.shift_reg_reg[2][42] ) is unused and will be removed from module mult_gen_v12_0_10_viv.
INFO: [Synth 8-3332] Sequential element (\gDSP.gDSP_only.iDSP/use_prim.appDSP48[0].bppDSP48[1].need_output_delay.output_delay/dN.std_srl.shift_reg_reg[2][41] ) is unused and will be removed from module mult_gen_v12_0_10_viv.
INFO: [Synth 8-3332] Sequential element (\gDSP.gDSP_only.iDSP/use_prim.appDSP48[0].bppDSP48[1].need_output_delay.output_delay/dN.std_srl.shift_reg_reg[2][40] ) is unused and will be removed from module mult_gen_v12_0_10_viv.
INFO: [Synth 8-3332] Sequential element (\gDSP.gDSP_only.iDSP/use_prim.appDSP48[0].bppDSP48[1].need_output_delay.output_delay/dN.std_srl.shift_reg_reg[2][39] ) is unused and will be removed from module mult_gen_v12_0_10_viv.
INFO: [Synth 8-3332] Sequential element (\gDSP.gDSP_only.iDSP/use_prim.appDSP48[0].bppDSP48[1].need_output_delay.output_delay/dN.std_srl.shift_reg_reg[2][38] ) is unused and will be removed from module mult_gen_v12_0_10_viv.
INFO: [Synth 8-3332] Sequential element (\gDSP.gDSP_only.iDSP/use_prim.appDSP48[0].bppDSP48[1].need_output_delay.output_delay/dN.std_srl.shift_reg_reg[2][37] ) is unused and will be removed from module mult_gen_v12_0_10_viv.
INFO: [Synth 8-3332] Sequential element (\gDSP.gDSP_only.iDSP/use_prim.appDSP48[0].bppDSP48[1].need_output_delay.output_delay/dN.std_srl.shift_reg_reg[2][36] ) is unused and will be removed from module mult_gen_v12_0_10_viv.
INFO: [Synth 8-3332] Sequential element (\gDSP.gDSP_only.iDSP/use_prim.appDSP48[0].bppDSP48[1].need_output_delay.output_delay/dN.std_srl.shift_reg_reg[2][35] ) is unused and will be removed from module mult_gen_v12_0_10_viv.
INFO: [Synth 8-3332] Sequential element (\gDSP.gDSP_only.iDSP/use_prim.appDSP48[0].bppDSP48[1].need_output_delay.output_delay/dN.std_srl.shift_reg_reg[2][34] ) is unused and will be removed from module mult_gen_v12_0_10_viv.
INFO: [Synth 8-3332] Sequential element (\gDSP.gDSP_only.iDSP/use_prim.appDSP48[0].bppDSP48[1].need_output_delay.output_delay/dN.std_srl.shift_reg_reg[2][33] ) is unused and will be removed from module mult_gen_v12_0_10_viv.
INFO: [Synth 8-3332] Sequential element (\gDSP.gDSP_only.iDSP/use_prim.appDSP48[0].bppDSP48[1].need_output_delay.output_delay/dN.std_srl.shift_reg_reg[3][42] ) is unused and will be removed from module mult_gen_v12_0_10_viv.
INFO: [Synth 8-3332] Sequential element (\gDSP.gDSP_only.iDSP/use_prim.appDSP48[0].bppDSP48[1].need_output_delay.output_delay/dN.std_srl.shift_reg_reg[3][41] ) is unused and will be removed from module mult_gen_v12_0_10_viv.
INFO: [Synth 8-3332] Sequential element (\gDSP.gDSP_only.iDSP/use_prim.appDSP48[0].bppDSP48[1].need_output_delay.output_delay/dN.std_srl.shift_reg_reg[3][40] ) is unused and will be removed from module mult_gen_v12_0_10_viv.
INFO: [Synth 8-3332] Sequential element (\gDSP.gDSP_only.iDSP/use_prim.appDSP48[0].bppDSP48[1].need_output_delay.output_delay/dN.std_srl.shift_reg_reg[3][39] ) is unused and will be removed from module mult_gen_v12_0_10_viv.
INFO: [Synth 8-3332] Sequential element (\gDSP.gDSP_only.iDSP/use_prim.appDSP48[0].bppDSP48[1].need_output_delay.output_delay/dN.std_srl.shift_reg_reg[3][38] ) is unused and will be removed from module mult_gen_v12_0_10_viv.
INFO: [Synth 8-3332] Sequential element (\gDSP.gDSP_only.iDSP/use_prim.appDSP48[0].bppDSP48[1].need_output_delay.output_delay/dN.std_srl.shift_reg_reg[3][37] ) is unused and will be removed from module mult_gen_v12_0_10_viv.
INFO: [Synth 8-3332] Sequential element (\gDSP.gDSP_only.iDSP/use_prim.appDSP48[0].bppDSP48[1].need_output_delay.output_delay/dN.std_srl.shift_reg_reg[3][36] ) is unused and will be removed from module mult_gen_v12_0_10_viv.
INFO: [Synth 8-3332] Sequential element (\gDSP.gDSP_only.iDSP/use_prim.appDSP48[0].bppDSP48[1].need_output_delay.output_delay/dN.std_srl.shift_reg_reg[3][35] ) is unused and will be removed from module mult_gen_v12_0_10_viv.
INFO: [Synth 8-3332] Sequential element (\gDSP.gDSP_only.iDSP/use_prim.appDSP48[0].bppDSP48[1].need_output_delay.output_delay/dN.std_srl.shift_reg_reg[3][34] ) is unused and will be removed from module mult_gen_v12_0_10_viv.
INFO: [Synth 8-3332] Sequential element (\gDSP.gDSP_only.iDSP/use_prim.appDSP48[0].bppDSP48[1].need_output_delay.output_delay/dN.std_srl.shift_reg_reg[3][33] ) is unused and will be removed from module mult_gen_v12_0_10_viv.
---------------------------------------------------------------------------------
Finished Area Optimization : Time (s): cpu = 00:00:27 ; elapsed = 00:00:46 . Memory (MB): peak = 553.563 ; gain = 382.367
---------------------------------------------------------------------------------
Finished Parallel Area Optimization  : Time (s): cpu = 00:00:27 ; elapsed = 00:00:46 . Memory (MB): peak = 553.563 ; gain = 382.367

Report RTL Partitions: 
+-+--------------+------------+----------+
| |RTL Partition |Replication |Instances |
+-+--------------+------------+----------+
+-+--------------+------------+----------+
---------------------------------------------------------------------------------
Start Timing Optimization
---------------------------------------------------------------------------------
---------------------------------------------------------------------------------
Start Applying XDC Timing Constraints
---------------------------------------------------------------------------------
---------------------------------------------------------------------------------
Finished Applying XDC Timing Constraints : Time (s): cpu = 00:00:40 ; elapsed = 00:00:59 . Memory (MB): peak = 631.492 ; gain = 460.297
---------------------------------------------------------------------------------
---------------------------------------------------------------------------------
Finished Timing Optimization : Time (s): cpu = 00:00:40 ; elapsed = 00:00:59 . Memory (MB): peak = 632.445 ; gain = 461.250
---------------------------------------------------------------------------------

Report RTL Partitions: 
+-+--------------+------------+----------+
| |RTL Partition |Replication |Instances |
+-+--------------+------------+----------+
+-+--------------+------------+----------+
---------------------------------------------------------------------------------
Start Technology Mapping
---------------------------------------------------------------------------------
---------------------------------------------------------------------------------
Finished Technology Mapping : Time (s): cpu = 00:00:40 ; elapsed = 00:00:59 . Memory (MB): peak = 651.801 ; gain = 480.605
---------------------------------------------------------------------------------
Finished Parallel Technology Mapping Optimization  : Time (s): cpu = 00:00:40 ; elapsed = 00:00:59 . Memory (MB): peak = 651.801 ; gain = 480.605

Report RTL Partitions: 
+-+--------------+------------+----------+
| |RTL Partition |Replication |Instances |
+-+--------------+------------+----------+
+-+--------------+------------+----------+
Finished Parallel Synthesis Optimization  : Time (s): cpu = 00:00:40 ; elapsed = 00:00:59 . Memory (MB): peak = 651.801 ; gain = 480.605
---------------------------------------------------------------------------------
Start IO Insertion
---------------------------------------------------------------------------------
---------------------------------------------------------------------------------
Start Flattening Before IO Insertion
---------------------------------------------------------------------------------
---------------------------------------------------------------------------------
Finished Flattening Before IO Insertion
---------------------------------------------------------------------------------
---------------------------------------------------------------------------------
Start Final Netlist Cleanup
---------------------------------------------------------------------------------
---------------------------------------------------------------------------------
Finished Final Netlist Cleanup
---------------------------------------------------------------------------------
---------------------------------------------------------------------------------
Finished IO Insertion : Time (s): cpu = 00:00:40 ; elapsed = 00:01:00 . Memory (MB): peak = 651.801 ; gain = 480.605
---------------------------------------------------------------------------------

Report Check Netlist: 
+------+------------------+-------+---------+-------+------------------+
|      |Item              |Errors |Warnings |Status |Description       |
+------+------------------+-------+---------+-------+------------------+
|1     |multi_driven_nets |      0|        0|Passed |Multi driven nets |
+------+------------------+-------+---------+-------+------------------+
---------------------------------------------------------------------------------
Start Renaming Generated Instances
---------------------------------------------------------------------------------
---------------------------------------------------------------------------------
Finished Renaming Generated Instances : Time (s): cpu = 00:00:40 ; elapsed = 00:01:00 . Memory (MB): peak = 651.801 ; gain = 480.605
---------------------------------------------------------------------------------

Report RTL Partitions: 
+-+--------------+------------+----------+
| |RTL Partition |Replication |Instances |
+-+--------------+------------+----------+
+-+--------------+------------+----------+
---------------------------------------------------------------------------------
Start Rebuilding User Hierarchy
---------------------------------------------------------------------------------
---------------------------------------------------------------------------------
Finished Rebuilding User Hierarchy : Time (s): cpu = 00:00:41 ; elapsed = 00:01:00 . Memory (MB): peak = 651.801 ; gain = 480.605
---------------------------------------------------------------------------------
---------------------------------------------------------------------------------
Start Renaming Generated Ports
---------------------------------------------------------------------------------
---------------------------------------------------------------------------------
Finished Renaming Generated Ports : Time (s): cpu = 00:00:41 ; elapsed = 00:01:00 . Memory (MB): peak = 651.801 ; gain = 480.605
---------------------------------------------------------------------------------
---------------------------------------------------------------------------------
Start Handling Custom Attributes
---------------------------------------------------------------------------------
---------------------------------------------------------------------------------
Finished Handling Custom Attributes : Time (s): cpu = 00:00:41 ; elapsed = 00:01:00 . Memory (MB): peak = 651.801 ; gain = 480.605
---------------------------------------------------------------------------------
---------------------------------------------------------------------------------
Start Renaming Generated Nets
---------------------------------------------------------------------------------
---------------------------------------------------------------------------------
Finished Renaming Generated Nets : Time (s): cpu = 00:00:41 ; elapsed = 00:01:00 . Memory (MB): peak = 651.801 ; gain = 480.605
---------------------------------------------------------------------------------
---------------------------------------------------------------------------------
Start Writing Synthesis Report
---------------------------------------------------------------------------------

Report BlackBoxes: 
+-+--------------+----------+
| |BlackBox name |Instances |
+-+--------------+----------+
+-+--------------+----------+

Report Cell Usage: 
+------+----------+------+
|      |Cell      |Count |
+------+----------+------+
|1     |DSP48E1   |     1|
|2     |DSP48E1_1 |     1|
|3     |LUT2      |    50|
|4     |SRL16E    |    50|
|5     |FDRE      |   104|
+------+----------+------+
---------------------------------------------------------------------------------
Finished Writing Synthesis Report : Time (s): cpu = 00:00:41 ; elapsed = 00:01:00 . Memory (MB): peak = 651.801 ; gain = 480.605
---------------------------------------------------------------------------------
Synthesis finished with 0 errors, 0 critical warnings and 0 warnings.
Synthesis Optimization Runtime : Time (s): cpu = 00:00:17 ; elapsed = 00:00:34 . Memory (MB): peak = 651.801 ; gain = 211.035
Synthesis Optimization Complete : Time (s): cpu = 00:00:41 ; elapsed = 00:01:00 . Memory (MB): peak = 651.801 ; gain = 480.605
INFO: [Project 1-571] Translating synthesized netlist
INFO: [Netlist 29-17] Analyzing 2 Unisim elements for replacement
INFO: [Netlist 29-28] Unisim Transformation completed in 0 CPU seconds
INFO: [Project 1-570] Preparing netlist for logic optimization
Parsing XDC File [d:/Users/Alex/Documents/GitHub/Frequency-comb-DPLL/Firmware Vivado Project/redpitaya.srcs/sources_1/ip/pll_18x32_mult_d/pll_18x32_mult_d_ooc.xdc] for cell 'U0'
Finished Parsing XDC File [d:/Users/Alex/Documents/GitHub/Frequency-comb-DPLL/Firmware Vivado Project/redpitaya.srcs/sources_1/ip/pll_18x32_mult_d/pll_18x32_mult_d_ooc.xdc] for cell 'U0'
INFO: [Opt 31-138] Pushed 0 inverter(s) to 0 load pin(s).
INFO: [Project 1-111] Unisim Transformation Summary:
No Unisim elements were transformed.

INFO: [Common 17-83] Releasing license: Synthesis
83 Infos, 46 Warnings, 0 Critical Warnings and 0 Errors encountered.
synth_design completed successfully
synth_design: Time (s): cpu = 00:00:38 ; elapsed = 00:00:52 . Memory (MB): peak = 651.801 ; gain = 428.457
INFO: [Coretcl 2-1174] Renamed 5 cell refs.
report_utilization: Time (s): cpu = 00:00:00 ; elapsed = 00:00:00.060 . Memory (MB): peak = 651.801 ; gain = 0.000
INFO: [Common 17-206] Exiting Vivado at Tue Jul 04 15:50:24 2017...
