
*** Running vivado
    with args -log pll_32x32_mult_ii.vds -m64 -mode batch -messageDb vivado.pb -notrace -source pll_32x32_mult_ii.tcl


****** Vivado v2015.4 (64-bit)
  **** SW Build 1412921 on Wed Nov 18 09:43:45 MST 2015
  **** IP Build 1412160 on Tue Nov 17 13:47:24 MST 2015
    ** Copyright 1986-2015 Xilinx, Inc. All Rights Reserved.

source pll_32x32_mult_ii.tcl -notrace
INFO: [IP_Flow 19-234] Refreshing IP repositories
INFO: [IP_Flow 19-1704] No user IP repositories specified
INFO: [IP_Flow 19-2313] Loaded Vivado IP repository 'D:/Xilinx/Vivado/2015.4/data/ip'.
WARNING: [IP_Flow 19-3664] IP 'pll_32x32_mult_ii' generated file not found 'd:/Repo/Frequency-comb-DPLL/Firmware_Vivado_Project/redpitaya.srcs/sources_1/ip/pll_32x32_mult_ii/pll_32x32_mult_ii.dcp'. Please regenerate to continue.
WARNING: [IP_Flow 19-3664] IP 'pll_32x32_mult_ii' generated file not found 'd:/Repo/Frequency-comb-DPLL/Firmware_Vivado_Project/redpitaya.srcs/sources_1/ip/pll_32x32_mult_ii/pll_32x32_mult_ii_stub.v'. Please regenerate to continue.
WARNING: [IP_Flow 19-3664] IP 'pll_32x32_mult_ii' generated file not found 'd:/Repo/Frequency-comb-DPLL/Firmware_Vivado_Project/redpitaya.srcs/sources_1/ip/pll_32x32_mult_ii/pll_32x32_mult_ii_stub.vhdl'. Please regenerate to continue.
WARNING: [IP_Flow 19-3664] IP 'pll_32x32_mult_ii' generated file not found 'd:/Repo/Frequency-comb-DPLL/Firmware_Vivado_Project/redpitaya.srcs/sources_1/ip/pll_32x32_mult_ii/pll_32x32_mult_ii_sim_netlist.v'. Please regenerate to continue.
WARNING: [IP_Flow 19-3664] IP 'pll_32x32_mult_ii' generated file not found 'd:/Repo/Frequency-comb-DPLL/Firmware_Vivado_Project/redpitaya.srcs/sources_1/ip/pll_32x32_mult_ii/pll_32x32_mult_ii_sim_netlist.vhdl'. Please regenerate to continue.
Command: synth_design -top pll_32x32_mult_ii -part xc7z010clg400-1 -mode out_of_context
Starting synth_design
Attempting to get a license for feature 'Synthesis' and/or device 'xc7z010'
INFO: [Common 17-349] Got license for feature 'Synthesis' and/or device 'xc7z010'
---------------------------------------------------------------------------------
Starting RTL Elaboration : Time (s): cpu = 00:00:07 ; elapsed = 00:00:10 . Memory (MB): peak = 284.793 ; gain = 113.070
---------------------------------------------------------------------------------
INFO: [Synth 8-638] synthesizing module 'pll_32x32_mult_ii' [d:/Repo/Frequency-comb-DPLL/Firmware_Vivado_Project/redpitaya.srcs/sources_1/ip/pll_32x32_mult_ii/synth/pll_32x32_mult_ii.vhd:69]
WARNING: [Synth 8-5640] Port 'zero_detect' is missing in component declaration [d:/Repo/Frequency-comb-DPLL/Firmware_Vivado_Project/redpitaya.srcs/sources_1/ip/pll_32x32_mult_ii/synth/pll_32x32_mult_ii.vhd:73]
WARNING: [Synth 8-5640] Port 'pcasc' is missing in component declaration [d:/Repo/Frequency-comb-DPLL/Firmware_Vivado_Project/redpitaya.srcs/sources_1/ip/pll_32x32_mult_ii/synth/pll_32x32_mult_ii.vhd:73]
INFO: [Synth 8-3491] module 'mult_gen_v12_0_10' declared at 'd:/Repo/Frequency-comb-DPLL/Firmware_Vivado_Project/redpitaya.srcs/sources_1/ip/pll_32x32_mult_ii/mult_gen_v12_0_10/hdl/mult_gen_v12_0.vhd:116' bound to instance 'U0' of component 'mult_gen_v12_0_10' [d:/Repo/Frequency-comb-DPLL/Firmware_Vivado_Project/redpitaya.srcs/sources_1/ip/pll_32x32_mult_ii/synth/pll_32x32_mult_ii.vhd:118]
INFO: [Synth 8-638] synthesizing module 'mult_gen_v12_0_10' [d:/Repo/Frequency-comb-DPLL/Firmware_Vivado_Project/redpitaya.srcs/sources_1/ip/pll_32x32_mult_ii/mult_gen_v12_0_10/hdl/mult_gen_v12_0.vhd:155]
INFO: [Synth 8-3491] module 'mult_gen_v12_0_10_viv' declared at 'd:/Repo/Frequency-comb-DPLL/Firmware_Vivado_Project/redpitaya.srcs/sources_1/ip/pll_32x32_mult_ii/mult_gen_v12_0_10/hdl/mult_gen_v12_0_vh_rfs.vhd:20732' bound to instance 'i_mult' of component 'mult_gen_v12_0_10_viv' [d:/Repo/Frequency-comb-DPLL/Firmware_Vivado_Project/redpitaya.srcs/sources_1/ip/pll_32x32_mult_ii/mult_gen_v12_0_10/hdl/mult_gen_v12_0.vhd:161]
INFO: [Synth 8-638] synthesizing module 'mult_gen_v12_0_10_viv' [d:/Repo/Frequency-comb-DPLL/Firmware_Vivado_Project/redpitaya.srcs/sources_1/ip/pll_32x32_mult_ii/mult_gen_v12_0_10/hdl/mult_gen_v12_0_vh_rfs.vhd:20781]
WARNING: [Synth 8-312] ignoring unsynthesizable construct: assertion statement [d:/Repo/Frequency-comb-DPLL/Firmware_Vivado_Project/redpitaya.srcs/sources_1/ip/pll_32x32_mult_ii/mult_gen_v12_0_10/hdl/mult_gen_v12_0_vh_rfs.vhd:862]
WARNING: [Synth 8-312] ignoring unsynthesizable construct: assertion statement [d:/Repo/Frequency-comb-DPLL/Firmware_Vivado_Project/redpitaya.srcs/sources_1/ip/pll_32x32_mult_ii/mult_gen_v12_0_10/hdl/mult_gen_v12_0_vh_rfs.vhd:863]
WARNING: [Synth 8-312] ignoring unsynthesizable construct: assertion statement [d:/Repo/Frequency-comb-DPLL/Firmware_Vivado_Project/redpitaya.srcs/sources_1/ip/pll_32x32_mult_ii/mult_gen_v12_0_10/hdl/mult_gen_v12_0_vh_rfs.vhd:870]
WARNING: [Synth 8-312] ignoring unsynthesizable construct: assertion statement [d:/Repo/Frequency-comb-DPLL/Firmware_Vivado_Project/redpitaya.srcs/sources_1/ip/pll_32x32_mult_ii/mult_gen_v12_0_10/hdl/mult_gen_v12_0_vh_rfs.vhd:884]
WARNING: [Synth 8-312] ignoring unsynthesizable construct: assertion statement [d:/Repo/Frequency-comb-DPLL/Firmware_Vivado_Project/redpitaya.srcs/sources_1/ip/pll_32x32_mult_ii/mult_gen_v12_0_10/hdl/mult_gen_v12_0_vh_rfs.vhd:891]
WARNING: [Synth 8-312] ignoring unsynthesizable construct: assertion statement [d:/Repo/Frequency-comb-DPLL/Firmware_Vivado_Project/redpitaya.srcs/sources_1/ip/pll_32x32_mult_ii/mult_gen_v12_0_10/hdl/mult_gen_v12_0_vh_rfs.vhd:901]
WARNING: [Synth 8-312] ignoring unsynthesizable construct: assertion statement [d:/Repo/Frequency-comb-DPLL/Firmware_Vivado_Project/redpitaya.srcs/sources_1/ip/pll_32x32_mult_ii/mult_gen_v12_0_10/hdl/mult_gen_v12_0_vh_rfs.vhd:910]
WARNING: [Synth 8-312] ignoring unsynthesizable construct: assertion statement [d:/Repo/Frequency-comb-DPLL/Firmware_Vivado_Project/redpitaya.srcs/sources_1/ip/pll_32x32_mult_ii/mult_gen_v12_0_10/hdl/mult_gen_v12_0_vh_rfs.vhd:932]
WARNING: [Synth 8-312] ignoring unsynthesizable construct: assertion statement [d:/Repo/Frequency-comb-DPLL/Firmware_Vivado_Project/redpitaya.srcs/sources_1/ip/pll_32x32_mult_ii/mult_gen_v12_0_10/hdl/mult_gen_v12_0_vh_rfs.vhd:939]
INFO: [Synth 8-638] synthesizing module 'dsp' [d:/Repo/Frequency-comb-DPLL/Firmware_Vivado_Project/redpitaya.srcs/sources_1/ip/pll_32x32_mult_ii/mult_gen_v12_0_10/hdl/mult_gen_v12_0_vh_rfs.vhd:9916]
WARNING: [Synth 8-312] ignoring unsynthesizable construct: assertion statement [d:/Repo/Frequency-comb-DPLL/Firmware_Vivado_Project/redpitaya.srcs/sources_1/ip/pll_32x32_mult_ii/mult_gen_v12_0_10/hdl/mult_gen_v12_0_vh_rfs.vhd:1374]
WARNING: [Synth 8-312] ignoring unsynthesizable construct: assertion statement [d:/Repo/Frequency-comb-DPLL/Firmware_Vivado_Project/redpitaya.srcs/sources_1/ip/pll_32x32_mult_ii/mult_gen_v12_0_10/hdl/mult_gen_v12_0_vh_rfs.vhd:1466]
WARNING: [Synth 8-312] ignoring unsynthesizable construct: assertion statement [d:/Repo/Frequency-comb-DPLL/Firmware_Vivado_Project/redpitaya.srcs/sources_1/ip/pll_32x32_mult_ii/mult_gen_v12_0_10/hdl/mult_gen_v12_0_vh_rfs.vhd:1467]
WARNING: [Synth 8-312] ignoring unsynthesizable construct: assertion statement [d:/Repo/Frequency-comb-DPLL/Firmware_Vivado_Project/redpitaya.srcs/sources_1/ip/pll_32x32_mult_ii/mult_gen_v12_0_10/hdl/mult_gen_v12_0_vh_rfs.vhd:1469]
WARNING: [Synth 8-312] ignoring unsynthesizable construct: assertion statement [d:/Repo/Frequency-comb-DPLL/Firmware_Vivado_Project/redpitaya.srcs/sources_1/ip/pll_32x32_mult_ii/mult_gen_v12_0_10/hdl/mult_gen_v12_0_vh_rfs.vhd:1470]
WARNING: [Synth 8-312] ignoring unsynthesizable construct: assertion statement [d:/Repo/Frequency-comb-DPLL/Firmware_Vivado_Project/redpitaya.srcs/sources_1/ip/pll_32x32_mult_ii/mult_gen_v12_0_10/hdl/mult_gen_v12_0_vh_rfs.vhd:1484]
WARNING: [Synth 8-312] ignoring unsynthesizable construct: assertion statement [d:/Repo/Frequency-comb-DPLL/Firmware_Vivado_Project/redpitaya.srcs/sources_1/ip/pll_32x32_mult_ii/mult_gen_v12_0_10/hdl/mult_gen_v12_0_vh_rfs.vhd:1485]
WARNING: [Synth 8-312] ignoring unsynthesizable construct: assertion statement [d:/Repo/Frequency-comb-DPLL/Firmware_Vivado_Project/redpitaya.srcs/sources_1/ip/pll_32x32_mult_ii/mult_gen_v12_0_10/hdl/mult_gen_v12_0_vh_rfs.vhd:1487]
WARNING: [Synth 8-312] ignoring unsynthesizable construct: assertion statement [d:/Repo/Frequency-comb-DPLL/Firmware_Vivado_Project/redpitaya.srcs/sources_1/ip/pll_32x32_mult_ii/mult_gen_v12_0_10/hdl/mult_gen_v12_0_vh_rfs.vhd:1488]
WARNING: [Synth 8-312] ignoring unsynthesizable construct: assertion statement [d:/Repo/Frequency-comb-DPLL/Firmware_Vivado_Project/redpitaya.srcs/sources_1/ip/pll_32x32_mult_ii/mult_gen_v12_0_10/hdl/mult_gen_v12_0_vh_rfs.vhd:1399]
WARNING: [Synth 8-312] ignoring unsynthesizable construct: assertion statement [d:/Repo/Frequency-comb-DPLL/Firmware_Vivado_Project/redpitaya.srcs/sources_1/ip/pll_32x32_mult_ii/mult_gen_v12_0_10/hdl/mult_gen_v12_0_vh_rfs.vhd:1400]
WARNING: [Synth 8-312] ignoring unsynthesizable construct: assertion statement [d:/Repo/Frequency-comb-DPLL/Firmware_Vivado_Project/redpitaya.srcs/sources_1/ip/pll_32x32_mult_ii/mult_gen_v12_0_10/hdl/mult_gen_v12_0_vh_rfs.vhd:1450]
WARNING: [Synth 8-312] ignoring unsynthesizable construct: assertion statement [d:/Repo/Frequency-comb-DPLL/Firmware_Vivado_Project/redpitaya.srcs/sources_1/ip/pll_32x32_mult_ii/mult_gen_v12_0_10/hdl/mult_gen_v12_0_vh_rfs.vhd:8892]
WARNING: [Synth 8-312] ignoring unsynthesizable construct: assertion statement [d:/Repo/Frequency-comb-DPLL/Firmware_Vivado_Project/redpitaya.srcs/sources_1/ip/pll_32x32_mult_ii/mult_gen_v12_0_10/hdl/mult_gen_v12_0_vh_rfs.vhd:8913]
INFO: [Synth 8-638] synthesizing module 'op_resize' [d:/Repo/Frequency-comb-DPLL/Firmware_Vivado_Project/redpitaya.srcs/sources_1/ip/pll_32x32_mult_ii/mult_gen_v12_0_10/hdl/mult_gen_v12_0_vh_rfs.vhd:4028]
INFO: [Synth 8-256] done synthesizing module 'op_resize' (1#1) [d:/Repo/Frequency-comb-DPLL/Firmware_Vivado_Project/redpitaya.srcs/sources_1/ip/pll_32x32_mult_ii/mult_gen_v12_0_10/hdl/mult_gen_v12_0_vh_rfs.vhd:4028]
INFO: [Synth 8-638] synthesizing module 'delay_line' [d:/Repo/Frequency-comb-DPLL/Firmware_Vivado_Project/redpitaya.srcs/sources_1/ip/pll_32x32_mult_ii/mult_gen_v12_0_10/hdl/mult_gen_v12_0_vh_rfs.vhd:4160]
INFO: [Synth 8-256] done synthesizing module 'delay_line' (2#1) [d:/Repo/Frequency-comb-DPLL/Firmware_Vivado_Project/redpitaya.srcs/sources_1/ip/pll_32x32_mult_ii/mult_gen_v12_0_10/hdl/mult_gen_v12_0_vh_rfs.vhd:4160]
INFO: [Synth 8-638] synthesizing module 'delay_line__parameterized0' [d:/Repo/Frequency-comb-DPLL/Firmware_Vivado_Project/redpitaya.srcs/sources_1/ip/pll_32x32_mult_ii/mult_gen_v12_0_10/hdl/mult_gen_v12_0_vh_rfs.vhd:4160]
INFO: [Synth 8-256] done synthesizing module 'delay_line__parameterized0' (2#1) [d:/Repo/Frequency-comb-DPLL/Firmware_Vivado_Project/redpitaya.srcs/sources_1/ip/pll_32x32_mult_ii/mult_gen_v12_0_10/hdl/mult_gen_v12_0_vh_rfs.vhd:4160]
INFO: [Synth 8-638] synthesizing module 'delay_line__parameterized1' [d:/Repo/Frequency-comb-DPLL/Firmware_Vivado_Project/redpitaya.srcs/sources_1/ip/pll_32x32_mult_ii/mult_gen_v12_0_10/hdl/mult_gen_v12_0_vh_rfs.vhd:4160]
INFO: [Synth 8-256] done synthesizing module 'delay_line__parameterized1' (2#1) [d:/Repo/Frequency-comb-DPLL/Firmware_Vivado_Project/redpitaya.srcs/sources_1/ip/pll_32x32_mult_ii/mult_gen_v12_0_10/hdl/mult_gen_v12_0_vh_rfs.vhd:4160]
INFO: [Synth 8-638] synthesizing module 'delay_line__parameterized2' [d:/Repo/Frequency-comb-DPLL/Firmware_Vivado_Project/redpitaya.srcs/sources_1/ip/pll_32x32_mult_ii/mult_gen_v12_0_10/hdl/mult_gen_v12_0_vh_rfs.vhd:4160]
INFO: [Synth 8-5534] Detected attribute (* shreg_extract = "yes" *) [d:/Repo/Frequency-comb-DPLL/Firmware_Vivado_Project/redpitaya.srcs/sources_1/ip/pll_32x32_mult_ii/mult_gen_v12_0_10/hdl/mult_gen_v12_0_vh_rfs.vhd:4385]
INFO: [Synth 8-256] done synthesizing module 'delay_line__parameterized2' (2#1) [d:/Repo/Frequency-comb-DPLL/Firmware_Vivado_Project/redpitaya.srcs/sources_1/ip/pll_32x32_mult_ii/mult_gen_v12_0_10/hdl/mult_gen_v12_0_vh_rfs.vhd:4160]
INFO: [Synth 8-638] synthesizing module 'delay_line__parameterized3' [d:/Repo/Frequency-comb-DPLL/Firmware_Vivado_Project/redpitaya.srcs/sources_1/ip/pll_32x32_mult_ii/mult_gen_v12_0_10/hdl/mult_gen_v12_0_vh_rfs.vhd:4160]
INFO: [Synth 8-256] done synthesizing module 'delay_line__parameterized3' (2#1) [d:/Repo/Frequency-comb-DPLL/Firmware_Vivado_Project/redpitaya.srcs/sources_1/ip/pll_32x32_mult_ii/mult_gen_v12_0_10/hdl/mult_gen_v12_0_vh_rfs.vhd:4160]
INFO: [Synth 8-113] binding component instance 'iDSP48E1' to cell 'DSP48E1' [d:/Repo/Frequency-comb-DPLL/Firmware_Vivado_Project/redpitaya.srcs/sources_1/ip/pll_32x32_mult_ii/mult_gen_v12_0_10/hdl/mult_gen_v12_0_vh_rfs.vhd:11052]
INFO: [Synth 8-638] synthesizing module 'delay_line__parameterized4' [d:/Repo/Frequency-comb-DPLL/Firmware_Vivado_Project/redpitaya.srcs/sources_1/ip/pll_32x32_mult_ii/mult_gen_v12_0_10/hdl/mult_gen_v12_0_vh_rfs.vhd:4160]
INFO: [Synth 8-256] done synthesizing module 'delay_line__parameterized4' (2#1) [d:/Repo/Frequency-comb-DPLL/Firmware_Vivado_Project/redpitaya.srcs/sources_1/ip/pll_32x32_mult_ii/mult_gen_v12_0_10/hdl/mult_gen_v12_0_vh_rfs.vhd:4160]
INFO: [Synth 8-638] synthesizing module 'delay_line__parameterized5' [d:/Repo/Frequency-comb-DPLL/Firmware_Vivado_Project/redpitaya.srcs/sources_1/ip/pll_32x32_mult_ii/mult_gen_v12_0_10/hdl/mult_gen_v12_0_vh_rfs.vhd:4160]
INFO: [Synth 8-256] done synthesizing module 'delay_line__parameterized5' (2#1) [d:/Repo/Frequency-comb-DPLL/Firmware_Vivado_Project/redpitaya.srcs/sources_1/ip/pll_32x32_mult_ii/mult_gen_v12_0_10/hdl/mult_gen_v12_0_vh_rfs.vhd:4160]
INFO: [Synth 8-113] binding component instance 'iDSP48E1' to cell 'DSP48E1' [d:/Repo/Frequency-comb-DPLL/Firmware_Vivado_Project/redpitaya.srcs/sources_1/ip/pll_32x32_mult_ii/mult_gen_v12_0_10/hdl/mult_gen_v12_0_vh_rfs.vhd:11052]
INFO: [Synth 8-638] synthesizing module 'delay_line__parameterized6' [d:/Repo/Frequency-comb-DPLL/Firmware_Vivado_Project/redpitaya.srcs/sources_1/ip/pll_32x32_mult_ii/mult_gen_v12_0_10/hdl/mult_gen_v12_0_vh_rfs.vhd:4160]
INFO: [Synth 8-256] done synthesizing module 'delay_line__parameterized6' (2#1) [d:/Repo/Frequency-comb-DPLL/Firmware_Vivado_Project/redpitaya.srcs/sources_1/ip/pll_32x32_mult_ii/mult_gen_v12_0_10/hdl/mult_gen_v12_0_vh_rfs.vhd:4160]
INFO: [Synth 8-113] binding component instance 'iDSP48E1' to cell 'DSP48E1' [d:/Repo/Frequency-comb-DPLL/Firmware_Vivado_Project/redpitaya.srcs/sources_1/ip/pll_32x32_mult_ii/mult_gen_v12_0_10/hdl/mult_gen_v12_0_vh_rfs.vhd:11052]
INFO: [Synth 8-638] synthesizing module 'delay_line__parameterized7' [d:/Repo/Frequency-comb-DPLL/Firmware_Vivado_Project/redpitaya.srcs/sources_1/ip/pll_32x32_mult_ii/mult_gen_v12_0_10/hdl/mult_gen_v12_0_vh_rfs.vhd:4160]
INFO: [Synth 8-256] done synthesizing module 'delay_line__parameterized7' (2#1) [d:/Repo/Frequency-comb-DPLL/Firmware_Vivado_Project/redpitaya.srcs/sources_1/ip/pll_32x32_mult_ii/mult_gen_v12_0_10/hdl/mult_gen_v12_0_vh_rfs.vhd:4160]
INFO: [Synth 8-113] binding component instance 'iDSP48E1' to cell 'DSP48E1' [d:/Repo/Frequency-comb-DPLL/Firmware_Vivado_Project/redpitaya.srcs/sources_1/ip/pll_32x32_mult_ii/mult_gen_v12_0_10/hdl/mult_gen_v12_0_vh_rfs.vhd:11052]
INFO: [Synth 8-638] synthesizing module 'delay_line__parameterized8' [d:/Repo/Frequency-comb-DPLL/Firmware_Vivado_Project/redpitaya.srcs/sources_1/ip/pll_32x32_mult_ii/mult_gen_v12_0_10/hdl/mult_gen_v12_0_vh_rfs.vhd:4160]
INFO: [Synth 8-256] done synthesizing module 'delay_line__parameterized8' (2#1) [d:/Repo/Frequency-comb-DPLL/Firmware_Vivado_Project/redpitaya.srcs/sources_1/ip/pll_32x32_mult_ii/mult_gen_v12_0_10/hdl/mult_gen_v12_0_vh_rfs.vhd:4160]
INFO: [Synth 8-256] done synthesizing module 'dsp' (3#1) [d:/Repo/Frequency-comb-DPLL/Firmware_Vivado_Project/redpitaya.srcs/sources_1/ip/pll_32x32_mult_ii/mult_gen_v12_0_10/hdl/mult_gen_v12_0_vh_rfs.vhd:9916]
INFO: [Synth 8-256] done synthesizing module 'mult_gen_v12_0_10_viv' (4#1) [d:/Repo/Frequency-comb-DPLL/Firmware_Vivado_Project/redpitaya.srcs/sources_1/ip/pll_32x32_mult_ii/mult_gen_v12_0_10/hdl/mult_gen_v12_0_vh_rfs.vhd:20781]
INFO: [Synth 8-256] done synthesizing module 'mult_gen_v12_0_10' (5#1) [d:/Repo/Frequency-comb-DPLL/Firmware_Vivado_Project/redpitaya.srcs/sources_1/ip/pll_32x32_mult_ii/mult_gen_v12_0_10/hdl/mult_gen_v12_0.vhd:155]
INFO: [Synth 8-256] done synthesizing module 'pll_32x32_mult_ii' (6#1) [d:/Repo/Frequency-comb-DPLL/Firmware_Vivado_Project/redpitaya.srcs/sources_1/ip/pll_32x32_mult_ii/synth/pll_32x32_mult_ii.vhd:69]
---------------------------------------------------------------------------------
Finished RTL Elaboration : Time (s): cpu = 00:00:24 ; elapsed = 00:00:31 . Memory (MB): peak = 329.168 ; gain = 157.445
---------------------------------------------------------------------------------

Report Check Netlist: 
+------+------------------+-------+---------+-------+------------------+
|      |Item              |Errors |Warnings |Status |Description       |
+------+------------------+-------+---------+-------+------------------+
|1     |multi_driven_nets |      0|        0|Passed |Multi driven nets |
+------+------------------+-------+---------+-------+------------------+
---------------------------------------------------------------------------------
Finished RTL Optimization Phase 1 : Time (s): cpu = 00:00:24 ; elapsed = 00:00:31 . Memory (MB): peak = 329.168 ; gain = 157.445
---------------------------------------------------------------------------------
INFO: [Netlist 29-17] Analyzing 4 Unisim elements for replacement
INFO: [Netlist 29-28] Unisim Transformation completed in 0 CPU seconds
INFO: [Device 21-403] Loading part xc7z010clg400-1
INFO: [Project 1-570] Preparing netlist for logic optimization

Processing XDC Constraints
Initializing timing engine
Parsing XDC File [d:/Repo/Frequency-comb-DPLL/Firmware_Vivado_Project/redpitaya.srcs/sources_1/ip/pll_32x32_mult_ii/pll_32x32_mult_ii_ooc.xdc] for cell 'U0'
Finished Parsing XDC File [d:/Repo/Frequency-comb-DPLL/Firmware_Vivado_Project/redpitaya.srcs/sources_1/ip/pll_32x32_mult_ii/pll_32x32_mult_ii_ooc.xdc] for cell 'U0'
Parsing XDC File [D:/Repo/Frequency-comb-DPLL/Firmware_Vivado_Project/redpitaya.runs/pll_32x32_mult_ii_synth_1/dont_touch.xdc]
Finished Parsing XDC File [D:/Repo/Frequency-comb-DPLL/Firmware_Vivado_Project/redpitaya.runs/pll_32x32_mult_ii_synth_1/dont_touch.xdc]
Completed Processing XDC Constraints

INFO: [Project 1-111] Unisim Transformation Summary:
No Unisim elements were transformed.

Constraint Validation Runtime : Time (s): cpu = 00:00:00 ; elapsed = 00:00:00.024 . Memory (MB): peak = 548.207 ; gain = 0.000
---------------------------------------------------------------------------------
Finished Constraint Validation : Time (s): cpu = 00:00:33 ; elapsed = 00:00:45 . Memory (MB): peak = 548.207 ; gain = 376.484
---------------------------------------------------------------------------------
---------------------------------------------------------------------------------
Start Loading Part and Timing Information
---------------------------------------------------------------------------------
Loading part: xc7z010clg400-1
---------------------------------------------------------------------------------
Finished Loading Part and Timing Information : Time (s): cpu = 00:00:33 ; elapsed = 00:00:45 . Memory (MB): peak = 548.207 ; gain = 376.484
---------------------------------------------------------------------------------
---------------------------------------------------------------------------------
Start Applying 'set_property' XDC Constraints
---------------------------------------------------------------------------------
Applied set_property DONT_TOUCH = true for U0. (constraint file  auto generated constraint, line ).
---------------------------------------------------------------------------------
Finished applying 'set_property' XDC Constraints : Time (s): cpu = 00:00:33 ; elapsed = 00:00:45 . Memory (MB): peak = 548.207 ; gain = 376.484
---------------------------------------------------------------------------------
---------------------------------------------------------------------------------
Finished RTL Optimization Phase 2 : Time (s): cpu = 00:00:33 ; elapsed = 00:00:45 . Memory (MB): peak = 548.207 ; gain = 376.484
---------------------------------------------------------------------------------

Report RTL Partitions: 
+-+--------------+------------+----------+
| |RTL Partition |Replication |Instances |
+-+--------------+------------+----------+
+-+--------------+------------+----------+
---------------------------------------------------------------------------------
Start RTL Component Statistics 
---------------------------------------------------------------------------------
---------------------------------------------------------------------------------
Finished RTL Component Statistics 
---------------------------------------------------------------------------------
---------------------------------------------------------------------------------
Start RTL Hierarchical Component Statistics 
---------------------------------------------------------------------------------
---------------------------------------------------------------------------------
Finished RTL Hierarchical Component Statistics
---------------------------------------------------------------------------------
---------------------------------------------------------------------------------
Start Part Resource Summary
---------------------------------------------------------------------------------
Part Resources:
DSPs: 80 (col length:40)
BRAMs: 120 (col length: RAMB18 40 RAMB36 20)
---------------------------------------------------------------------------------
Finished Part Resource Summary
---------------------------------------------------------------------------------
Start Parallel Synthesis Optimization  : Time (s): cpu = 00:00:33 ; elapsed = 00:00:46 . Memory (MB): peak = 548.207 ; gain = 376.484
---------------------------------------------------------------------------------
Start Cross Boundary Optimization
---------------------------------------------------------------------------------
---------------------------------------------------------------------------------
Finished Cross Boundary Optimization : Time (s): cpu = 00:00:33 ; elapsed = 00:00:46 . Memory (MB): peak = 548.207 ; gain = 376.484
---------------------------------------------------------------------------------
Finished Parallel Reinference  : Time (s): cpu = 00:00:33 ; elapsed = 00:00:46 . Memory (MB): peak = 548.207 ; gain = 376.484

Report RTL Partitions: 
+-+--------------+------------+----------+
| |RTL Partition |Replication |Instances |
+-+--------------+------------+----------+
+-+--------------+------------+----------+
---------------------------------------------------------------------------------
Start Area Optimization
---------------------------------------------------------------------------------
INFO: [Synth 8-3333] propagating constant 0 across sequential element (U0/i_mult/\gDSP.gDSP_only.iDSP/use_prim.appDSP48[0].bppDSP48[1].use_subtract_delay.subtract_delay/d1.dout_i_reg[0] )
INFO: [Synth 8-3886] merging instance 'U0/i_mult/\gDSP.gDSP_only.iDSP/use_prim.appDSP48[1].bppDSP48[0].use_subtract_delay.subtract_delay/d1.dout_i_reg[0] ' (FDR) to 'U0/i_mult/\gDSP.gDSP_only.iDSP/use_prim.appDSP48[0].bppDSP48[1].use_subtract_delay.subtract_delay/d1.dout_i_reg[0] '
INFO: [Synth 8-3333] propagating constant 0 across sequential element (U0/i_mult/\gDSP.gDSP_only.iDSP/use_prim.appDSP48[0].bppDSP48[1].use_subtract_delay.subtract_delay/d1.dout_i_reg[0] )
INFO: [Synth 8-3332] Sequential element (\gDSP.gDSP_only.iDSP/use_prim.appDSP48[0].bppDSP48[1].use_subtract_delay.subtract_delay/d1.dout_i_reg[0] ) is unused and will be removed from module mult_gen_v12_0_10_viv.
INFO: [Synth 8-3332] Sequential element (\gDSP.gDSP_only.iDSP/use_prim.appDSP48[1].bppDSP48[0].use_subtract_delay.subtract_delay/d1.dout_i_reg[0] ) is unused and will be removed from module mult_gen_v12_0_10_viv.
INFO: [Synth 8-3332] Sequential element (\gDSP.gDSP_only.iDSP/use_prim.appDSP48[1].bppDSP48[1].need_output_delay.output_delay/dN.std_srl.shift_reg_reg[0][42] ) is unused and will be removed from module mult_gen_v12_0_10_viv.
INFO: [Synth 8-3332] Sequential element (\gDSP.gDSP_only.iDSP/use_prim.appDSP48[1].bppDSP48[1].need_output_delay.output_delay/dN.std_srl.shift_reg_reg[0][41] ) is unused and will be removed from module mult_gen_v12_0_10_viv.
INFO: [Synth 8-3332] Sequential element (\gDSP.gDSP_only.iDSP/use_prim.appDSP48[1].bppDSP48[1].need_output_delay.output_delay/dN.std_srl.shift_reg_reg[0][40] ) is unused and will be removed from module mult_gen_v12_0_10_viv.
INFO: [Synth 8-3332] Sequential element (\gDSP.gDSP_only.iDSP/use_prim.appDSP48[1].bppDSP48[1].need_output_delay.output_delay/dN.std_srl.shift_reg_reg[0][39] ) is unused and will be removed from module mult_gen_v12_0_10_viv.
INFO: [Synth 8-3332] Sequential element (\gDSP.gDSP_only.iDSP/use_prim.appDSP48[1].bppDSP48[1].need_output_delay.output_delay/dN.std_srl.shift_reg_reg[0][38] ) is unused and will be removed from module mult_gen_v12_0_10_viv.
INFO: [Synth 8-3332] Sequential element (\gDSP.gDSP_only.iDSP/use_prim.appDSP48[1].bppDSP48[1].need_output_delay.output_delay/dN.std_srl.shift_reg_reg[0][37] ) is unused and will be removed from module mult_gen_v12_0_10_viv.
INFO: [Synth 8-3332] Sequential element (\gDSP.gDSP_only.iDSP/use_prim.appDSP48[1].bppDSP48[1].need_output_delay.output_delay/dN.std_srl.shift_reg_reg[0][36] ) is unused and will be removed from module mult_gen_v12_0_10_viv.
INFO: [Synth 8-3332] Sequential element (\gDSP.gDSP_only.iDSP/use_prim.appDSP48[1].bppDSP48[1].need_output_delay.output_delay/dN.std_srl.shift_reg_reg[0][35] ) is unused and will be removed from module mult_gen_v12_0_10_viv.
INFO: [Synth 8-3332] Sequential element (\gDSP.gDSP_only.iDSP/use_prim.appDSP48[1].bppDSP48[1].need_output_delay.output_delay/dN.std_srl.shift_reg_reg[0][34] ) is unused and will be removed from module mult_gen_v12_0_10_viv.
INFO: [Synth 8-3332] Sequential element (\gDSP.gDSP_only.iDSP/use_prim.appDSP48[1].bppDSP48[1].need_output_delay.output_delay/dN.std_srl.shift_reg_reg[0][33] ) is unused and will be removed from module mult_gen_v12_0_10_viv.
INFO: [Synth 8-3332] Sequential element (\gDSP.gDSP_only.iDSP/use_prim.appDSP48[1].bppDSP48[1].need_output_delay.output_delay/dN.std_srl.shift_reg_reg[0][32] ) is unused and will be removed from module mult_gen_v12_0_10_viv.
INFO: [Synth 8-3332] Sequential element (\gDSP.gDSP_only.iDSP/use_prim.appDSP48[1].bppDSP48[1].need_output_delay.output_delay/dN.std_srl.shift_reg_reg[0][31] ) is unused and will be removed from module mult_gen_v12_0_10_viv.
INFO: [Synth 8-3332] Sequential element (\gDSP.gDSP_only.iDSP/use_prim.appDSP48[1].bppDSP48[1].need_output_delay.output_delay/dN.std_srl.shift_reg_reg[0][30] ) is unused and will be removed from module mult_gen_v12_0_10_viv.
INFO: [Synth 8-3332] Sequential element (\gDSP.gDSP_only.iDSP/use_prim.appDSP48[1].bppDSP48[1].need_output_delay.output_delay/dN.std_srl.shift_reg_reg[1][42] ) is unused and will be removed from module mult_gen_v12_0_10_viv.
INFO: [Synth 8-3332] Sequential element (\gDSP.gDSP_only.iDSP/use_prim.appDSP48[1].bppDSP48[1].need_output_delay.output_delay/dN.std_srl.shift_reg_reg[1][41] ) is unused and will be removed from module mult_gen_v12_0_10_viv.
INFO: [Synth 8-3332] Sequential element (\gDSP.gDSP_only.iDSP/use_prim.appDSP48[1].bppDSP48[1].need_output_delay.output_delay/dN.std_srl.shift_reg_reg[1][40] ) is unused and will be removed from module mult_gen_v12_0_10_viv.
INFO: [Synth 8-3332] Sequential element (\gDSP.gDSP_only.iDSP/use_prim.appDSP48[1].bppDSP48[1].need_output_delay.output_delay/dN.std_srl.shift_reg_reg[1][39] ) is unused and will be removed from module mult_gen_v12_0_10_viv.
INFO: [Synth 8-3332] Sequential element (\gDSP.gDSP_only.iDSP/use_prim.appDSP48[1].bppDSP48[1].need_output_delay.output_delay/dN.std_srl.shift_reg_reg[1][38] ) is unused and will be removed from module mult_gen_v12_0_10_viv.
INFO: [Synth 8-3332] Sequential element (\gDSP.gDSP_only.iDSP/use_prim.appDSP48[1].bppDSP48[1].need_output_delay.output_delay/dN.std_srl.shift_reg_reg[1][37] ) is unused and will be removed from module mult_gen_v12_0_10_viv.
INFO: [Synth 8-3332] Sequential element (\gDSP.gDSP_only.iDSP/use_prim.appDSP48[1].bppDSP48[1].need_output_delay.output_delay/dN.std_srl.shift_reg_reg[1][36] ) is unused and will be removed from module mult_gen_v12_0_10_viv.
INFO: [Synth 8-3332] Sequential element (\gDSP.gDSP_only.iDSP/use_prim.appDSP48[1].bppDSP48[1].need_output_delay.output_delay/dN.std_srl.shift_reg_reg[1][35] ) is unused and will be removed from module mult_gen_v12_0_10_viv.
INFO: [Synth 8-3332] Sequential element (\gDSP.gDSP_only.iDSP/use_prim.appDSP48[1].bppDSP48[1].need_output_delay.output_delay/dN.std_srl.shift_reg_reg[1][34] ) is unused and will be removed from module mult_gen_v12_0_10_viv.
INFO: [Synth 8-3332] Sequential element (\gDSP.gDSP_only.iDSP/use_prim.appDSP48[1].bppDSP48[1].need_output_delay.output_delay/dN.std_srl.shift_reg_reg[1][33] ) is unused and will be removed from module mult_gen_v12_0_10_viv.
INFO: [Synth 8-3332] Sequential element (\gDSP.gDSP_only.iDSP/use_prim.appDSP48[1].bppDSP48[1].need_output_delay.output_delay/dN.std_srl.shift_reg_reg[1][32] ) is unused and will be removed from module mult_gen_v12_0_10_viv.
INFO: [Synth 8-3332] Sequential element (\gDSP.gDSP_only.iDSP/use_prim.appDSP48[1].bppDSP48[1].need_output_delay.output_delay/dN.std_srl.shift_reg_reg[1][31] ) is unused and will be removed from module mult_gen_v12_0_10_viv.
INFO: [Synth 8-3332] Sequential element (\gDSP.gDSP_only.iDSP/use_prim.appDSP48[1].bppDSP48[1].need_output_delay.output_delay/dN.std_srl.shift_reg_reg[1][30] ) is unused and will be removed from module mult_gen_v12_0_10_viv.
---------------------------------------------------------------------------------
Finished Area Optimization : Time (s): cpu = 00:00:33 ; elapsed = 00:00:46 . Memory (MB): peak = 548.207 ; gain = 376.484
---------------------------------------------------------------------------------
Finished Parallel Area Optimization  : Time (s): cpu = 00:00:33 ; elapsed = 00:00:46 . Memory (MB): peak = 548.207 ; gain = 376.484

Report RTL Partitions: 
+-+--------------+------------+----------+
| |RTL Partition |Replication |Instances |
+-+--------------+------------+----------+
+-+--------------+------------+----------+
---------------------------------------------------------------------------------
Start Timing Optimization
---------------------------------------------------------------------------------
---------------------------------------------------------------------------------
Start Applying XDC Timing Constraints
---------------------------------------------------------------------------------
---------------------------------------------------------------------------------
Finished Applying XDC Timing Constraints : Time (s): cpu = 00:00:50 ; elapsed = 00:01:05 . Memory (MB): peak = 621.406 ; gain = 449.684
---------------------------------------------------------------------------------
---------------------------------------------------------------------------------
Finished Timing Optimization : Time (s): cpu = 00:00:50 ; elapsed = 00:01:05 . Memory (MB): peak = 622.391 ; gain = 450.668
---------------------------------------------------------------------------------

Report RTL Partitions: 
+-+--------------+------------+----------+
| |RTL Partition |Replication |Instances |
+-+--------------+------------+----------+
+-+--------------+------------+----------+
---------------------------------------------------------------------------------
Start Technology Mapping
---------------------------------------------------------------------------------
---------------------------------------------------------------------------------
Finished Technology Mapping : Time (s): cpu = 00:00:50 ; elapsed = 00:01:05 . Memory (MB): peak = 642.758 ; gain = 471.035
---------------------------------------------------------------------------------
Finished Parallel Technology Mapping Optimization  : Time (s): cpu = 00:00:50 ; elapsed = 00:01:05 . Memory (MB): peak = 642.758 ; gain = 471.035

Report RTL Partitions: 
+-+--------------+------------+----------+
| |RTL Partition |Replication |Instances |
+-+--------------+------------+----------+
+-+--------------+------------+----------+
Finished Parallel Synthesis Optimization  : Time (s): cpu = 00:00:50 ; elapsed = 00:01:05 . Memory (MB): peak = 642.758 ; gain = 471.035
---------------------------------------------------------------------------------
Start IO Insertion
---------------------------------------------------------------------------------
---------------------------------------------------------------------------------
Start Flattening Before IO Insertion
---------------------------------------------------------------------------------
---------------------------------------------------------------------------------
Finished Flattening Before IO Insertion
---------------------------------------------------------------------------------
---------------------------------------------------------------------------------
Start Final Netlist Cleanup
---------------------------------------------------------------------------------
---------------------------------------------------------------------------------
Finished Final Netlist Cleanup
---------------------------------------------------------------------------------
---------------------------------------------------------------------------------
Finished IO Insertion : Time (s): cpu = 00:00:51 ; elapsed = 00:01:05 . Memory (MB): peak = 642.758 ; gain = 471.035
---------------------------------------------------------------------------------

Report Check Netlist: 
+------+------------------+-------+---------+-------+------------------+
|      |Item              |Errors |Warnings |Status |Description       |
+------+------------------+-------+---------+-------+------------------+
|1     |multi_driven_nets |      0|        0|Passed |Multi driven nets |
+------+------------------+-------+---------+-------+------------------+
---------------------------------------------------------------------------------
Start Renaming Generated Instances
---------------------------------------------------------------------------------
---------------------------------------------------------------------------------
Finished Renaming Generated Instances : Time (s): cpu = 00:00:51 ; elapsed = 00:01:05 . Memory (MB): peak = 642.758 ; gain = 471.035
---------------------------------------------------------------------------------

Report RTL Partitions: 
+-+--------------+------------+----------+
| |RTL Partition |Replication |Instances |
+-+--------------+------------+----------+
+-+--------------+------------+----------+
---------------------------------------------------------------------------------
Start Rebuilding User Hierarchy
---------------------------------------------------------------------------------
---------------------------------------------------------------------------------
Finished Rebuilding User Hierarchy : Time (s): cpu = 00:00:51 ; elapsed = 00:01:05 . Memory (MB): peak = 642.758 ; gain = 471.035
---------------------------------------------------------------------------------
---------------------------------------------------------------------------------
Start Renaming Generated Ports
---------------------------------------------------------------------------------
---------------------------------------------------------------------------------
Finished Renaming Generated Ports : Time (s): cpu = 00:00:51 ; elapsed = 00:01:05 . Memory (MB): peak = 642.758 ; gain = 471.035
---------------------------------------------------------------------------------
---------------------------------------------------------------------------------
Start Handling Custom Attributes
---------------------------------------------------------------------------------
---------------------------------------------------------------------------------
Finished Handling Custom Attributes : Time (s): cpu = 00:00:51 ; elapsed = 00:01:05 . Memory (MB): peak = 642.758 ; gain = 471.035
---------------------------------------------------------------------------------
---------------------------------------------------------------------------------
Start Renaming Generated Nets
---------------------------------------------------------------------------------
---------------------------------------------------------------------------------
Finished Renaming Generated Nets : Time (s): cpu = 00:00:51 ; elapsed = 00:01:06 . Memory (MB): peak = 642.758 ; gain = 471.035
---------------------------------------------------------------------------------
---------------------------------------------------------------------------------
Start Writing Synthesis Report
---------------------------------------------------------------------------------

Report BlackBoxes: 
+-+--------------+----------+
| |BlackBox name |Instances |
+-+--------------+----------+
+-+--------------+----------+

Report Cell Usage: 
+------+----------+------+
|      |Cell      |Count |
+------+----------+------+
|1     |DSP48E1   |     1|
|2     |DSP48E1_1 |     1|
|3     |DSP48E1_2 |     1|
|4     |DSP48E1_3 |     1|
|5     |LUT2      |    17|
|6     |SRL16E    |    17|
|7     |FDRE      |   196|
+------+----------+------+
---------------------------------------------------------------------------------
Finished Writing Synthesis Report : Time (s): cpu = 00:00:51 ; elapsed = 00:01:06 . Memory (MB): peak = 642.758 ; gain = 471.035
---------------------------------------------------------------------------------
Synthesis finished with 0 errors, 0 critical warnings and 0 warnings.
Synthesis Optimization Runtime : Time (s): cpu = 00:00:22 ; elapsed = 00:00:51 . Memory (MB): peak = 642.758 ; gain = 215.324
Synthesis Optimization Complete : Time (s): cpu = 00:00:51 ; elapsed = 00:01:06 . Memory (MB): peak = 642.758 ; gain = 471.035
INFO: [Project 1-571] Translating synthesized netlist
INFO: [Netlist 29-17] Analyzing 4 Unisim elements for replacement
INFO: [Netlist 29-28] Unisim Transformation completed in 0 CPU seconds
INFO: [Project 1-570] Preparing netlist for logic optimization
Parsing XDC File [d:/Repo/Frequency-comb-DPLL/Firmware_Vivado_Project/redpitaya.srcs/sources_1/ip/pll_32x32_mult_ii/pll_32x32_mult_ii_ooc.xdc] for cell 'U0'
Finished Parsing XDC File [d:/Repo/Frequency-comb-DPLL/Firmware_Vivado_Project/redpitaya.srcs/sources_1/ip/pll_32x32_mult_ii/pll_32x32_mult_ii_ooc.xdc] for cell 'U0'
INFO: [Opt 31-138] Pushed 0 inverter(s) to 0 load pin(s).
INFO: [Project 1-111] Unisim Transformation Summary:
No Unisim elements were transformed.

INFO: [Common 17-83] Releasing license: Synthesis
84 Infos, 30 Warnings, 0 Critical Warnings and 0 Errors encountered.
synth_design completed successfully
synth_design: Time (s): cpu = 00:00:49 ; elapsed = 00:01:04 . Memory (MB): peak = 642.758 ; gain = 437.086
INFO: [Coretcl 2-1174] Renamed 8 cell refs.
report_utilization: Time (s): cpu = 00:00:00 ; elapsed = 00:00:00.016 . Memory (MB): peak = 642.758 ; gain = 0.000
INFO: [Common 17-206] Exiting Vivado at Mon Jan 29 22:23:59 2018...
