#-----------------------------------------------------------
# Vivado v2015.4 (64-bit)
# SW Build 1412921 on Wed Nov 18 09:43:45 MST 2015
# IP Build 1412160 on Tue Nov 17 13:47:24 MST 2015
# Start of session at: Fri Aug 04 14:38:09 2017
# Process ID: 10900
# Current directory: C:/Users/Alex/Documents/GitHub/v2/Frequency-comb-DPLL-DPLL-python3/Firmware_Vivado_Project
# Command line: vivado.exe -gui_launcher_event rodinguilauncherevent11488 C:\Users\Alex\Documents\GitHub\v2\Frequency-comb-DPLL-DPLL-python3\Firmware_Vivado_Project\redpitaya.xpr
# Log file: C:/Users/Alex/Documents/GitHub/v2/Frequency-comb-DPLL-DPLL-python3/Firmware_Vivado_Project/vivado.log
# Journal file: C:/Users/Alex/Documents/GitHub/v2/Frequency-comb-DPLL-DPLL-python3/Firmware_Vivado_Project\vivado.jou
#-----------------------------------------------------------
start_gui
open_project C:/Users/Alex/Documents/GitHub/v2/Frequency-comb-DPLL-DPLL-python3/Firmware_Vivado_Project/redpitaya.xpr
INFO: [ProjectBase 1-489] The host OS only allows 260 characters in a normal path. The project is stored in a path with more than 80 characters. If you experience issues with IP, Block Designs, or files not being found, please consider moving the project to a location with a shorter path. Alternately consider using the OS subst command to map part of the path to a drive letter.
Current project path is 'C:/Users/Alex/Documents/GitHub/v2/Frequency-comb-DPLL-DPLL-python3/Firmware_Vivado_Project'
INFO: [Project 1-313] Project file moved from 'D:/Users/Alex/Documents/GitHub/Frequency-comb-DPLL_v2/Frequency-comb-DPLL-DPLL-python3/Firmware_Vivado_Project' since last save.
Scanning sources...
Finished scanning sources
INFO: [IP_Flow 19-234] Refreshing IP repositories
INFO: [IP_Flow 19-1704] No user IP repositories specified
INFO: [IP_Flow 19-2313] Loaded Vivado IP repository 'C:/Xilinx/Vivado/2015.4/data/ip'.
open_project: Time (s): cpu = 00:00:20 ; elapsed = 00:00:12 . Memory (MB): peak = 800.570 ; gain = 215.688
reset_run synth_1
launch_runs impl_1 -to_step write_bitstream
[Fri Aug 04 14:38:35 2017] Launched synth_1...
Run output will be captured here: C:/Users/Alex/Documents/GitHub/v2/Frequency-comb-DPLL-DPLL-python3/Firmware_Vivado_Project/redpitaya.runs/synth_1/runme.log
[Fri Aug 04 14:38:35 2017] Launched impl_1...
Run output will be captured here: C:/Users/Alex/Documents/GitHub/v2/Frequency-comb-DPLL-DPLL-python3/Firmware_Vivado_Project/redpitaya.runs/impl_1/runme.log
exit
INFO: [Common 17-206] Exiting Vivado at Fri Aug 04 14:54:03 2017...
