#-----------------------------------------------------------
# Vivado v2015.4 (64-bit)
# SW Build 1412921 on Wed Nov 18 09:43:45 MST 2015
# IP Build 1412160 on Tue Nov 17 13:47:24 MST 2015
# Start of session at: Fri Aug 04 14:58:00 2017
# Process ID: 2500
# Current directory: C:/Users/Alex/Documents/GitHub/OnlineVersion2/Firmware Vivado Project
# Command line: vivado.exe -gui_launcher_event rodinguilauncherevent11412 C:\Users\Alex\Documents\GitHub\OnlineVersion2\Firmware Vivado Project\redpitaya.xpr
# Log file: C:/Users/Alex/Documents/GitHub/OnlineVersion2/Firmware Vivado Project/vivado.log
# Journal file: C:/Users/Alex/Documents/GitHub/OnlineVersion2/Firmware Vivado Project\vivado.jou
#-----------------------------------------------------------
start_gui
open_project {C:/Users/Alex/Documents/GitHub/OnlineVersion2/Firmware Vivado Project/redpitaya.xpr}
INFO: [Project 1-313] Project file moved from 'C:/Users/Alex/Documents/GitHub/v2/Frequency-comb-DPLL-DPLL-python3/Firmware_Vivado_Project' since last save.
Scanning sources...
Finished scanning sources
INFO: [IP_Flow 19-234] Refreshing IP repositories
INFO: [IP_Flow 19-1704] No user IP repositories specified
INFO: [IP_Flow 19-2313] Loaded Vivado IP repository 'C:/Xilinx/Vivado/2015.4/data/ip'.
open_project: Time (s): cpu = 00:00:20 ; elapsed = 00:00:09 . Memory (MB): peak = 885.156 ; gain = 296.172
reset_run impl_1 -prev_step 
launch_runs impl_1 -to_step write_bitstream
[Fri Aug 04 14:58:24 2017] Launched impl_1...
Run output will be captured here: C:/Users/Alex/Documents/GitHub/OnlineVersion2/Firmware Vivado Project/redpitaya.runs/impl_1/runme.log
reset_run impl_1 -prev_step 
WARNING: [Vivado 12-1017] Problems encountered:
1. PID not specified

reset_run impl_1 -prev_step 
WARNING: [Vivado 12-1017] Problems encountered:
1. PID not specified

reset_run synth_1
launch_runs impl_1 -to_step write_bitstream
[Fri Aug 04 14:59:01 2017] Launched synth_1...
Run output will be captured here: C:/Users/Alex/Documents/GitHub/OnlineVersion2/Firmware Vivado Project/redpitaya.runs/synth_1/runme.log
[Fri Aug 04 14:59:01 2017] Launched impl_1...
Run output will be captured here: C:/Users/Alex/Documents/GitHub/OnlineVersion2/Firmware Vivado Project/redpitaya.runs/impl_1/runme.log
exit
INFO: [Common 17-206] Exiting Vivado at Fri Aug 04 15:16:40 2017...
